2024-12-11 19:54:07,152 [INFO] Activator:176 - 


2024-12-11 19:54:07,164 [INFO] Activator:177 - !SESSION log4j initialized
2024-12-11 19:54:18,729 [INFO] LogOutputStream:77 - [STDOUT_REDIRECT] 
2024-12-11 19:54:22,965 [INFO] ApplicationProperties:184 - Using Application install path: C:\ST\STM32CubeIDE_1.16.1\STM32CubeIDE\plugins\com.st.stm32cube.common.mx_6.12.1.202409122256
2024-12-11 19:54:22,999 [INFO] DbMcusXml:78 - Set database path to: C:\ST\STM32CubeIDE_1.16.1\STM32CubeIDE\plugins\com.st.stm32cube.common.mx_6.12.1.202409122256\\db\/mcu/
2024-12-11 19:54:23,000 [INFO] ApiDb:274 - Set plugin database path to: C:\ST\STM32CubeIDE_1.16.1\STM32CubeIDE\plugins\com.st.stm32cube.common.mx_6.12.1.202409122256\\db\/plugins/boardmanager/
2024-12-11 19:54:23,001 [WARN] ApiDb:259 - Overriding images path with different value:  => C:\ST\STM32CubeIDE_1.16.1\STM32CubeIDE\plugins\com.st.stm32cube.common.mx_6.12.1.202409122256\\db\/plugins/mcufinder/images/
2024-12-11 19:54:23,018 [INFO] ApiDb:250 - Set database path to: C:\Users\mates\.stmcufinder\plugins\mcufinder//mcu/
2024-12-11 19:54:23,020 [INFO] DbMcusAds:125 - Set database path to: C:\Users\mates\.stmcufinder\plugins\mcufinder//mcu/
2024-12-11 19:54:23,025 [INFO] CrossReferenceDbSqlite:203 - Set database path to: C:\Users\mates\.stmcufinder\plugins\mcufinder//mcu/cs/
2024-12-11 19:54:23,262 [INFO] RulesReader:64 - Compatibility file has been processed (297 Rules)
2024-12-11 19:54:23,431 [INFO] DbMcusXml:78 - Set database path to: C:\ST\STM32CubeIDE_1.16.1\STM32CubeIDE\plugins\com.st.stm32cube.common.mx_6.12.1.202409122256\\db\/mcu/
2024-12-11 19:54:23,432 [INFO] ApiDb:274 - Set plugin database path to: C:\ST\STM32CubeIDE_1.16.1\STM32CubeIDE\plugins\com.st.stm32cube.common.mx_6.12.1.202409122256\\db\/plugins/boardmanager/
2024-12-11 19:54:23,432 [INFO] ApiDb:261 - Set plugin images path to: C:\ST\STM32CubeIDE_1.16.1\STM32CubeIDE\plugins\com.st.stm32cube.common.mx_6.12.1.202409122256\\db\/plugins/mcufinder/images/
2024-12-11 19:54:23,432 [WARN] DbFile:41 - Overriding database path with different value: C:\Users\mates\.stmcufinder\plugins\mcufinder/ => C:\Users\mates\.stmcufinder\plugins\mcufinder
2024-12-11 19:54:23,432 [INFO] ApiDb:250 - Set database path to: C:\Users\mates\.stmcufinder\plugins\mcufinder//mcu/
2024-12-11 19:54:23,432 [WARN] DbFile:41 - Overriding database path with different value: C:\Users\mates\.stmcufinder\plugins\mcufinder/ => C:\Users\mates\.stmcufinder\plugins\mcufinder
2024-12-11 19:54:23,433 [INFO] DbMcusAds:125 - Set database path to: C:\Users\mates\.stmcufinder\plugins\mcufinder//mcu/
2024-12-11 19:54:23,433 [WARN] DbFile:41 - Overriding database path with different value: C:\Users\mates\.stmcufinder\plugins\mcufinder/ => C:\Users\mates\.stmcufinder\plugins\mcufinder
2024-12-11 19:54:23,433 [WARN] DbFile:41 - Overriding database path with different value: C:\Users\mates\.stmcufinder\plugins\mcufinder/ => C:\Users\mates\.stmcufinder\plugins\mcufinder
2024-12-11 19:54:23,433 [INFO] CrossReferenceDbSqlite:203 - Set database path to: C:\Users\mates\.stmcufinder\plugins\mcufinder//mcu/cs/
2024-12-11 19:54:23,599 [INFO] MainPanel:268 - HeapMemory: 268435456
2024-12-11 19:54:23,828 [INFO] DbMcusXml:78 - Set database path to: C:\ST\STM32CubeIDE_1.16.1\STM32CubeIDE\plugins\com.st.stm32cube.common.mx_6.12.1.202409122256\\db\/mcu/
2024-12-11 19:54:23,828 [INFO] ApiDb:274 - Set plugin database path to: C:\ST\STM32CubeIDE_1.16.1\STM32CubeIDE\plugins\com.st.stm32cube.common.mx_6.12.1.202409122256\\db\/plugins/boardmanager/
2024-12-11 19:54:23,828 [INFO] ApiDb:261 - Set plugin images path to: C:\ST\STM32CubeIDE_1.16.1\STM32CubeIDE\plugins\com.st.stm32cube.common.mx_6.12.1.202409122256\\db\/plugins/mcufinder/images/
2024-12-11 19:54:23,829 [WARN] DbFile:41 - Overriding database path with different value: C:\Users\mates\.stmcufinder\plugins\mcufinder/ => C:\Users\mates\.stmcufinder\plugins\mcufinder
2024-12-11 19:54:23,829 [INFO] ApiDb:250 - Set database path to: C:\Users\mates\.stmcufinder\plugins\mcufinder//mcu/
2024-12-11 19:54:23,829 [WARN] DbFile:41 - Overriding database path with different value: C:\Users\mates\.stmcufinder\plugins\mcufinder/ => C:\Users\mates\.stmcufinder\plugins\mcufinder
2024-12-11 19:54:23,830 [INFO] DbMcusAds:125 - Set database path to: C:\Users\mates\.stmcufinder\plugins\mcufinder//mcu/
2024-12-11 19:54:23,830 [WARN] DbFile:41 - Overriding database path with different value: C:\Users\mates\.stmcufinder\plugins\mcufinder/ => C:\Users\mates\.stmcufinder\plugins\mcufinder
2024-12-11 19:54:23,830 [WARN] DbFile:41 - Overriding database path with different value: C:\Users\mates\.stmcufinder\plugins\mcufinder/ => C:\Users\mates\.stmcufinder\plugins\mcufinder
2024-12-11 19:54:23,830 [INFO] CrossReferenceDbSqlite:203 - Set database path to: C:\Users\mates\.stmcufinder\plugins\mcufinder//mcu/cs/
2024-12-11 19:54:23,869 [INFO] ApplicationProperties:184 - Using Application install path: C:\ST\STM32CubeIDE_1.16.1\STM32CubeIDE\plugins\com.st.stm32cube.common.mx_6.12.1.202409122256
2024-12-11 19:54:23,872 [INFO] PluginManage:196 - Search for loadable plugins [exclusion list=, ]
2024-12-11 19:54:23,875 [INFO] PluginManage:310 - Check plugin analytics
2024-12-11 19:54:24,227 [INFO] AnalyticsPlugin:253 - Accepted Software Licenses: 
2024-12-11 19:54:24,227 [INFO] AnalyticsPlugin:255 - Accepted CMSIS Pack Licenses: 
2024-12-11 19:54:24,228 [INFO] AnalyticsPlugin:257 - Accepted Firmware Licenses: FW.L4.1.18.0
2024-12-11 19:54:24,233 [INFO] PluginManage:359 - Loaded plugin analytics (category:tool,tabindex:-1)
2024-12-11 19:54:24,234 [INFO] PluginManage:310 - Check plugin cadmodel
2024-12-11 19:54:24,268 [INFO] CADModel:105 - Init CAD model plugin
2024-12-11 19:54:24,268 [INFO] PluginManage:359 - Loaded plugin cadmodel (category:power,tabindex:5)
2024-12-11 19:54:24,268 [INFO] PluginManage:310 - Check plugin clock
2024-12-11 19:54:24,306 [INFO] PluginManage:359 - Loaded plugin clock (category:base,tabindex:2)
2024-12-11 19:54:24,307 [INFO] PluginManage:310 - Check plugin ddr
2024-12-11 19:54:24,316 [INFO] PluginManage:359 - Loaded plugin ddr (category:tool,tabindex:6)
2024-12-11 19:54:24,317 [INFO] PluginManage:310 - Check plugin filemanager
2024-12-11 19:54:24,570 [INFO] PluginManage:359 - Loaded plugin filemanager (category:base,tabindex:10)
2024-12-11 19:54:24,570 [INFO] PluginManage:310 - Check plugin ipmanager
2024-12-11 19:54:24,582 [INFO] PluginManage:359 - Loaded plugin ipmanager (category:base,tabindex:5)
2024-12-11 19:54:24,582 [INFO] PluginManage:310 - Check plugin lpbam
2024-12-11 19:54:24,616 [INFO] PluginManage:359 - Loaded plugin lpbam (category:base,tabindex:0)
2024-12-11 19:54:24,616 [INFO] PluginManage:310 - Check plugin memorymap
2024-12-11 19:54:24,661 [INFO] PluginManage:359 - Loaded plugin memorymap (category:base,tabindex:4)
2024-12-11 19:54:24,661 [INFO] PluginManage:310 - Check plugin pinoutandconfiguration
2024-12-11 19:54:24,696 [INFO] PluginManage:359 - Loaded plugin pinoutandconfiguration (category:base,tabindex:1)
2024-12-11 19:54:24,696 [INFO] PluginManage:310 - Check plugin pinoutconfig
2024-12-11 19:54:24,872 [WARN] SupportedApi:132 - Cannot load RTOS API schema: s4s-elt-must-match.1: The content of 'definitions' must match (annotation?, (simpleType | complexType)?, (unique | key | keyref)*)). A problem was found starting at: attribute.
2024-12-11 19:54:25,114 [INFO] PluginManage:359 - Loaded plugin pinoutconfig (category:base,tabindex:0)
2024-12-11 19:54:25,114 [INFO] PluginManage:310 - Check plugin power
2024-12-11 19:54:25,159 [INFO] PluginManage:359 - Loaded plugin power (category:power,tabindex:4)
2024-12-11 19:54:25,159 [INFO] PluginManage:310 - Check plugin projectmanager
2024-12-11 19:54:25,189 [INFO] PluginManage:359 - Loaded plugin projectmanager (category:projectmanager,tabindex:4)
2024-12-11 19:54:25,189 [INFO] PluginManage:310 - Check plugin rif
2024-12-11 19:54:25,224 [INFO] PluginManage:359 - Loaded plugin rif (category:base,tabindex:3)
2024-12-11 19:54:25,225 [INFO] PluginManage:310 - Check plugin thirdparty
2024-12-11 19:54:25,803 [INFO] PluginManage:359 - Loaded plugin thirdparty (category:base,tabindex:-1)
2024-12-11 19:54:25,803 [WARN] IntegrityCheckThread:84 - waiting for thirdparty lock release [integrity check]
2024-12-11 19:54:25,804 [INFO] PluginManage:310 - Check plugin tools
2024-12-11 19:54:25,804 [INFO] IntegrityCheckThread:86 - entering critical section [integrity check]
2024-12-11 19:54:25,804 [INFO] ThirdPartyUpdaterWithRetryManager:70 - Updater plugin not ready yet. [1/15]
2024-12-11 19:54:25,878 [INFO] PluginManage:359 - Loaded plugin tools (category:base,tabindex:7)
2024-12-11 19:54:25,878 [INFO] PluginManage:310 - Check plugin tutovideos
2024-12-11 19:54:26,212 [INFO] PluginManage:359 - Loaded plugin tutovideos (category:base,tabindex:-1)
2024-12-11 19:54:26,212 [INFO] PluginManage:310 - Check plugin updater
2024-12-11 19:54:26,241 [INFO] PluginManage:359 - Loaded plugin updater (category:base,tabindex:12)
2024-12-11 19:54:26,241 [INFO] PluginManage:310 - Check plugin userauth
2024-12-11 19:54:26,250 [INFO] UserAuth:113 - Init User Auth plugin
2024-12-11 19:54:26,250 [INFO] PluginManage:359 - Loaded plugin userauth (category:base,tabindex:14)
2024-12-11 19:54:26,251 [INFO] PluginManage:283 - PluginManage : Loaded plugins [18]
2024-12-11 19:54:26,634 [INFO] PinOutPanel:1561 - setPackage(No Configuration,No Configuration)
2024-12-11 19:54:26,802 [INFO] CADModel:165 - CPN selected for project level
2024-12-11 19:54:26,802 [INFO] CADModel:114 - Register for checkConnection events
2024-12-11 19:54:26,849 [INFO] IPUIPlugin:80 - create IPUIPlugin
2024-12-11 19:54:26,849 [INFO] PluginManager:220 - loadIPPluginJar : add adc
2024-12-11 19:54:26,924 [INFO] IPUIPlugin:80 - create IPUIPlugin
2024-12-11 19:54:26,924 [INFO] PluginManager:220 - loadIPPluginJar : add aes
2024-12-11 19:54:27,008 [INFO] IPUIPlugin:80 - create IPUIPlugin
2024-12-11 19:54:27,009 [INFO] PluginManager:220 - loadIPPluginJar : add can
2024-12-11 19:54:27,054 [INFO] IPUIPlugin:80 - create IPUIPlugin
2024-12-11 19:54:27,054 [INFO] PluginManager:220 - loadIPPluginJar : add comp
2024-12-11 19:54:27,117 [INFO] IPUIPlugin:80 - create IPUIPlugin
2024-12-11 19:54:27,118 [INFO] PluginManager:220 - loadIPPluginJar : add cryp
2024-12-11 19:54:27,141 [INFO] IPUIPlugin:80 - create IPUIPlugin
2024-12-11 19:54:27,141 [INFO] PluginManager:220 - loadIPPluginJar : add ddr_ctrl_phy
2024-12-11 19:54:27,199 [INFO] IPUIPlugin:80 - create IPUIPlugin
2024-12-11 19:54:27,199 [INFO] PluginManager:220 - loadIPPluginJar : add dfsdm
2024-12-11 19:54:27,229 [INFO] IPUIPlugin:80 - create IPUIPlugin
2024-12-11 19:54:27,230 [INFO] PluginManager:220 - loadIPPluginJar : add dma
2024-12-11 19:54:27,324 [INFO] IPUIPlugin:80 - create IPUIPlugin
2024-12-11 19:54:27,325 [INFO] PluginManager:220 - loadIPPluginJar : add dma3
2024-12-11 19:54:27,425 [INFO] IPUIPlugin:80 - create IPUIPlugin
2024-12-11 19:54:27,425 [INFO] PluginManager:220 - loadIPPluginJar : add extmemmanager
2024-12-11 19:54:27,470 [INFO] IPUIPlugin:80 - create IPUIPlugin
2024-12-11 19:54:27,470 [INFO] PluginManager:220 - loadIPPluginJar : add fatfs
2024-12-11 19:54:27,573 [INFO] IPUIPlugin:80 - create IPUIPlugin
2024-12-11 19:54:27,574 [INFO] PluginManager:220 - loadIPPluginJar : add fmc
2024-12-11 19:54:27,603 [INFO] IPUIPlugin:80 - create IPUIPlugin
2024-12-11 19:54:27,604 [INFO] PluginManager:220 - loadIPPluginJar : add freertos
2024-12-11 19:54:27,645 [INFO] IPUIPlugin:80 - create IPUIPlugin
2024-12-11 19:54:27,645 [INFO] PluginManager:220 - loadIPPluginJar : add genericplugin
2024-12-11 19:54:27,860 [INFO] IPUIPlugin:80 - create IPUIPlugin
2024-12-11 19:54:27,861 [INFO] PluginManager:220 - loadIPPluginJar : add gfxmmu
2024-12-11 19:54:28,133 [INFO] IPUIPlugin:80 - create IPUIPlugin
2024-12-11 19:54:28,133 [INFO] PluginManager:220 - loadIPPluginJar : add gic
2024-12-11 19:54:28,156 [INFO] IPUIPlugin:80 - create IPUIPlugin
2024-12-11 19:54:28,157 [INFO] PluginManager:220 - loadIPPluginJar : add gpio
2024-12-11 19:54:28,357 [INFO] IPUIPlugin:80 - create IPUIPlugin
2024-12-11 19:54:28,357 [INFO] PluginManager:220 - loadIPPluginJar : add gtzc
2024-12-11 19:54:28,424 [INFO] IPUIPlugin:80 - create IPUIPlugin
2024-12-11 19:54:28,425 [INFO] PluginManager:220 - loadIPPluginJar : add hash
2024-12-11 19:54:28,535 [INFO] IPUIPlugin:80 - create IPUIPlugin
2024-12-11 19:54:28,536 [INFO] PluginManager:220 - loadIPPluginJar : add i2c
2024-12-11 19:54:28,622 [INFO] IPUIPlugin:80 - create IPUIPlugin
2024-12-11 19:54:28,623 [INFO] PluginManager:220 - loadIPPluginJar : add i2s
2024-12-11 19:54:28,709 [INFO] IPUIPlugin:80 - create IPUIPlugin
2024-12-11 19:54:28,709 [INFO] PluginManager:220 - loadIPPluginJar : add i3c
2024-12-11 19:54:28,807 [INFO] ThirdPartyUpdaterWithRetryManager:70 - Updater plugin not ready yet. [2/15]
2024-12-11 19:54:28,937 [INFO] IPUIPlugin:80 - create IPUIPlugin
2024-12-11 19:54:28,938 [INFO] PluginManager:220 - loadIPPluginJar : add ipddr
2024-12-11 19:54:29,127 [INFO] IPUIPlugin:80 - create IPUIPlugin
2024-12-11 19:54:29,128 [INFO] PluginManager:220 - loadIPPluginJar : add linkedlist
2024-12-11 19:54:29,205 [INFO] IPUIPlugin:80 - create IPUIPlugin
2024-12-11 19:54:29,205 [INFO] PluginManager:220 - loadIPPluginJar : add lorawan
2024-12-11 19:54:29,286 [INFO] IPUIPlugin:80 - create IPUIPlugin
2024-12-11 19:54:29,286 [INFO] PluginManager:220 - loadIPPluginJar : add ltdc
2024-12-11 19:54:29,312 [INFO] IPUIPlugin:80 - create IPUIPlugin
2024-12-11 19:54:29,313 [INFO] PluginManager:220 - loadIPPluginJar : add mdma
2024-12-11 19:54:29,336 [INFO] IPUIPlugin:80 - create IPUIPlugin
2024-12-11 19:54:29,337 [INFO] PluginManager:220 - loadIPPluginJar : add nvic
2024-12-11 19:54:29,413 [INFO] IPUIPlugin:80 - create IPUIPlugin
2024-12-11 19:54:29,413 [INFO] PluginManager:220 - loadIPPluginJar : add opamp
2024-12-11 19:54:29,546 [INFO] IPUIPlugin:80 - create IPUIPlugin
2024-12-11 19:54:29,546 [INFO] PluginManager:220 - loadIPPluginJar : add openamp
2024-12-11 19:54:29,632 [INFO] IPUIPlugin:80 - create IPUIPlugin
2024-12-11 19:54:29,632 [INFO] PluginManager:220 - loadIPPluginJar : add pdm2pcm
2024-12-11 19:54:29,659 [INFO] IPUIPlugin:80 - create IPUIPlugin
2024-12-11 19:54:29,662 [INFO] PluginManager:220 - loadIPPluginJar : add plateformsettings
2024-12-11 19:54:29,713 [INFO] IPUIPlugin:80 - create IPUIPlugin
2024-12-11 19:54:29,713 [INFO] PluginManager:220 - loadIPPluginJar : add quadspi
2024-12-11 19:54:29,785 [INFO] IPUIPlugin:80 - create IPUIPlugin
2024-12-11 19:54:29,785 [INFO] PluginManager:220 - loadIPPluginJar : add radio
2024-12-11 19:54:29,816 [INFO] IPUIPlugin:80 - create IPUIPlugin
2024-12-11 19:54:29,816 [INFO] PluginManager:220 - loadIPPluginJar : add resmgrutility
2024-12-11 19:54:29,918 [INFO] IPUIPlugin:80 - create IPUIPlugin
2024-12-11 19:54:29,918 [INFO] PluginManager:220 - loadIPPluginJar : add sai
2024-12-11 19:54:30,009 [INFO] IPUIPlugin:80 - create IPUIPlugin
2024-12-11 19:54:30,009 [INFO] PluginManager:220 - loadIPPluginJar : add spi
2024-12-11 19:54:30,152 [INFO] IPUIPlugin:80 - create IPUIPlugin
2024-12-11 19:54:30,152 [INFO] PluginManager:220 - loadIPPluginJar : add stm32_wpan
2024-12-11 19:54:30,200 [INFO] IPUIPlugin:80 - create IPUIPlugin
2024-12-11 19:54:30,200 [INFO] PluginManager:220 - loadIPPluginJar : add tim
2024-12-11 19:54:30,324 [INFO] IPUIPlugin:80 - create IPUIPlugin
2024-12-11 19:54:30,324 [INFO] PluginManager:220 - loadIPPluginJar : add touchsensing
2024-12-11 19:54:30,382 [INFO] IPUIPlugin:80 - create IPUIPlugin
2024-12-11 19:54:30,382 [INFO] PluginManager:220 - loadIPPluginJar : add tracer_emb
2024-12-11 19:54:30,436 [INFO] IPUIPlugin:80 - create IPUIPlugin
2024-12-11 19:54:30,436 [INFO] PluginManager:220 - loadIPPluginJar : add ts
2024-12-11 19:54:30,490 [INFO] IPUIPlugin:80 - create IPUIPlugin
2024-12-11 19:54:30,490 [INFO] PluginManager:220 - loadIPPluginJar : add tsc
2024-12-11 19:54:30,540 [INFO] IPUIPlugin:80 - create IPUIPlugin
2024-12-11 19:54:30,540 [INFO] PluginManager:220 - loadIPPluginJar : add ucpd
2024-12-11 19:54:30,624 [INFO] IPUIPlugin:80 - create IPUIPlugin
2024-12-11 19:54:30,624 [INFO] PluginManager:220 - loadIPPluginJar : add usart
2024-12-11 19:54:30,714 [INFO] IPUIPlugin:80 - create IPUIPlugin
2024-12-11 19:54:30,714 [INFO] PluginManager:220 - loadIPPluginJar : add usbx
2024-12-11 19:54:30,893 [INFO] CADModel:165 - CPN selected for project level
2024-12-11 19:54:30,893 [INFO] CADModel:114 - Register for checkConnection events
2024-12-11 19:54:30,893 [FATAL] Updater:334 - Updater called before beeing initialized
2024-12-11 19:54:30,893 [ERROR] CADModel:125 - Updater not yet initialized, retry later 
2024-12-11 19:54:31,173 [INFO] CADModel:165 - CPN selected for project level
2024-12-11 19:54:31,173 [INFO] CADModel:114 - Register for checkConnection events
2024-12-11 19:54:31,174 [FATAL] Updater:334 - Updater called before beeing initialized
2024-12-11 19:54:31,174 [ERROR] CADModel:125 - Updater not yet initialized, retry later 
2024-12-11 19:54:31,179 [FATAL] Updater:334 - Updater called before beeing initialized
2024-12-11 19:54:31,364 [FATAL] Updater:334 - Updater called before beeing initialized
2024-12-11 19:54:31,383 [INFO] DbMcusAds:53 - JSON generation date=Fri Sep 20 15:04:38 CEST 2024 (1726837478367)
2024-12-11 19:54:31,383 [FATAL] Updater:334 - Updater called before beeing initialized
2024-12-11 19:54:31,454 [WARN] DetailPanel:346 - Failed to get advertising image, set to default
2024-12-11 19:54:31,614 [FATAL] Updater:334 - Updater called before beeing initialized
2024-12-11 19:54:31,617 [FATAL] Updater:334 - Updater called before beeing initialized
2024-12-11 19:54:31,617 [FATAL] Updater:334 - Updater called before beeing initialized
2024-12-11 19:54:31,617 [WARN] DetailPanel:346 - Failed to get advertising image, set to default
2024-12-11 19:54:31,618 [FATAL] Updater:334 - Updater called before beeing initialized
2024-12-11 19:54:31,731 [ERROR] Updater:1164 - MainUpdater not yet initialized. External WinMGr cannot be set.
2024-12-11 19:54:31,755 [INFO] Updater:1100 - Updater Version found : 6.12.1
2024-12-11 19:54:31,782 [INFO] ApplicationProperties:184 - Using Application install path: C:\ST\STM32CubeIDE_1.16.1\STM32CubeIDE\plugins\com.st.stm32cube.common.mx_6.12.1.202409122256
2024-12-11 19:54:31,808 [INFO] ThirdPartyUpdaterWithRetryManager:70 - Updater plugin not ready yet. [3/15]
2024-12-11 19:54:33,379 [ERROR] LogOutputStream:75 - [STDERR_REDIRECT] Dec 11, 2024 7:54:33 PM java.util.prefs.WindowsPreferences <init>
2024-12-11 19:54:33,383 [ERROR] LogOutputStream:75 - [STDERR_REDIRECT] WARNING: Could not open/create prefs root node Software\JavaSoft\Prefs at root 0xffffffff80000002. Windows RegCreateKeyEx(...) returned error code 5.
2024-12-11 19:54:33,384 [ERROR] LogOutputStream:75 - [STDERR_REDIRECT] 
2024-12-11 19:54:33,949 [INFO] MainUpdater:2873 - connection check result : 10
2024-12-11 19:54:33,950 [INFO] MainUpdater:290 - Updater Check For Update Now.
2024-12-11 19:54:33,950 [INFO] MicroXplorer:498 - Change Database Version : DB.6.0.121
2024-12-11 19:54:33,984 [INFO] McuFinderGlobals:63 - Set McuFinder mode to 2 (CubeIDE integrated)
2024-12-11 19:54:33,999 [INFO] UserAuth:417 - Internet connection configuration mode: 1
2024-12-11 19:54:34,056 [INFO] JxBrowserEngine:152 - Initiate JxBrowser Engine with user profile folder
2024-12-11 19:54:34,425 [INFO] CheckServerUpdateThread:120 - End of CheckServer Thread
2024-12-11 19:54:35,305 [WARN] PackLoader:240 - Cannot read IP mode file for STMicroelectronics.FP-SNS-MOTENVWB1.1.4.0
2024-12-11 19:54:35,348 [WARN] PackLoader:240 - Cannot read IP mode file for STMicroelectronics.FP-ATR-ASTRA1.2.0.1
2024-12-11 19:54:35,384 [WARN] PackLoader:240 - Cannot read IP mode file for STMicroelectronics.X-CUBE-SMBUS.2.1.0
2024-12-11 19:54:35,421 [WARN] PackLoader:240 - Cannot read IP mode file for STMicroelectronics.X-CUBE-WB05N.1.1.0
2024-12-11 19:54:35,511 [WARN] PackLoader:240 - Cannot read IP mode file for STMicroelectronics.X-CUBE-AZRTOS-F7.1.1.0
2024-12-11 19:54:35,691 [WARN] PackLoader:240 - Cannot read IP mode file for STMicroelectronics.X-CUBE-MEMS1.11.0.0
2024-12-11 19:54:36,045 [WARN] PackLoader:240 - Cannot read IP mode file for STMicroelectronics.FP-SNS-FLIGHT1.5.0.2
2024-12-11 19:54:36,107 [WARN] PackLoader:240 - Cannot read IP mode file for STMicroelectronics.X-CUBE-DISPLAY.3.0.0
2024-12-11 19:54:36,142 [WARN] PackLoader:240 - Cannot read IP mode file for STMicroelectronics.X-CUBE-BLE1.7.0.0
2024-12-11 19:54:36,184 [WARN] PackLoader:240 - Cannot read IP mode file for STMicroelectronics.X-CUBE-NFC10.1.0.0
2024-12-11 19:54:36,231 [WARN] PackLoader:240 - Cannot read IP mode file for STMicroelectronics.X-CUBE-BLEMGR.4.0.0
2024-12-11 19:54:36,278 [WARN] PackLoader:240 - Cannot read IP mode file for emotas.I-CUBE-CANOPEN.1.3.0
2024-12-11 19:54:36,318 [WARN] PackLoader:240 - Cannot read IP mode file for STMicroelectronics.X-CUBE-BLEMGR.3.1.0
2024-12-11 19:54:36,359 [WARN] PackLoader:240 - Cannot read IP mode file for STMicroelectronics.FP-SNS-SMARTAG2.1.2.0
2024-12-11 19:54:36,410 [INFO] LogOutputStream:77 - [STDOUT_REDIRECT] 1 : Invalid condition id : UX_CORESTACK_Condition cause : null
2024-12-11 19:54:36,412 [INFO] LogOutputStream:77 - [STDOUT_REDIRECT] 1 : Invalid condition id : UX_CORESTACK_Condition cause : null
2024-12-11 19:54:36,417 [INFO] LogOutputStream:77 - [STDOUT_REDIRECT] 1 : Invalid condition id : UX_CORESTACK_Condition cause : null
2024-12-11 19:54:36,422 [INFO] LogOutputStream:77 - [STDOUT_REDIRECT] 1 : Invalid condition id : UX_CORESTACK_Condition cause : null
2024-12-11 19:54:36,425 [INFO] LogOutputStream:77 - [STDOUT_REDIRECT] 1 : Invalid condition id : UX_CORESTACK_Condition cause : null
2024-12-11 19:54:36,439 [WARN] PackLoader:240 - Cannot read IP mode file for STMicroelectronics.X-CUBE-AZRTOS-WL.2.0.0
2024-12-11 19:54:36,470 [WARN] PackLoader:240 - Cannot read IP mode file for STMicroelectronics.FP-SNS-MOTENV1.5.0.0
2024-12-11 19:54:36,496 [WARN] PackLoader:240 - Cannot read IP mode file for wolfSSL.I-CUBE-wolfMQTT.1.19.0
2024-12-11 19:54:36,539 [WARN] PackLoader:240 - Cannot read IP mode file for WES.I-CUBE-Cesium.1.3.0
2024-12-11 19:54:36,580 [WARN] PackLoader:240 - Cannot read IP mode file for STMicroelectronics.X-CUBE-BLE2.3.3.0
2024-12-11 19:54:36,614 [WARN] PackLoader:240 - Cannot read IP mode file for STMicroelectronics.X-CUBE-NFC9.1.0.0
2024-12-11 19:54:36,648 [WARN] PackLoader:240 - Cannot read IP mode file for STMicroelectronics.X-CUBE-TCPP.4.1.0
2024-12-11 19:54:36,710 [WARN] PackLoader:240 - Cannot read IP mode file for STMicroelectronics.X-CUBE-AZRTOS-G0.1.1.0
2024-12-11 19:54:36,744 [WARN] PackLoader:240 - Cannot read IP mode file for STMicroelectronics.X-CUBE-SAFEA1.1.2.2
2024-12-11 19:54:36,771 [WARN] PackLoader:240 - Cannot read IP mode file for STMicroelectronics.X-CUBE-NFC4.3.0.0
2024-12-11 19:54:36,812 [WARN] PackLoader:240 - Cannot read IP mode file for EmbeddedOffice.I-CUBE-FS-RTOS.1.0.1
2024-12-11 19:54:36,813 [ERROR] ConditionMgr:805 - Attr not supported : Dmpu
2024-12-11 19:54:36,813 [ERROR] ConditionMgr:805 - Attr not supported : Dmpu
2024-12-11 19:54:36,813 [ERROR] ConditionMgr:805 - Attr not supported : Dmpu
2024-12-11 19:54:36,813 [ERROR] ConditionMgr:805 - Attr not supported : Dmpu
2024-12-11 19:54:36,813 [ERROR] ConditionMgr:805 - Attr not supported : Dmpu
2024-12-11 19:54:36,813 [ERROR] ConditionMgr:805 - Attr not supported : Dmpu
2024-12-11 19:54:36,813 [ERROR] ConditionMgr:805 - Attr not supported : Dmpu
2024-12-11 19:54:36,815 [ERROR] ConditionMgr:805 - Attr not supported : Dmpu
2024-12-11 19:54:36,815 [ERROR] ConditionMgr:805 - Attr not supported : Dmpu
2024-12-11 19:54:36,815 [ERROR] ConditionMgr:805 - Attr not supported : Dmpu
2024-12-11 19:54:36,815 [ERROR] ConditionMgr:805 - Attr not supported : Dmpu
2024-12-11 19:54:36,815 [ERROR] ConditionMgr:805 - Attr not supported : Dmpu
2024-12-11 19:54:36,815 [ERROR] ConditionMgr:805 - Attr not supported : Dmpu
2024-12-11 19:54:36,815 [ERROR] ConditionMgr:805 - Attr not supported : Dmpu
2024-12-11 19:54:36,815 [ERROR] ConditionMgr:805 - Attr not supported : Dmpu
2024-12-11 19:54:36,816 [ERROR] ConditionMgr:805 - Attr not supported : Dmpu
2024-12-11 19:54:36,816 [ERROR] ConditionMgr:805 - Attr not supported : Dmpu
2024-12-11 19:54:36,816 [ERROR] ConditionMgr:805 - Attr not supported : Dmpu
2024-12-11 19:54:36,816 [ERROR] ConditionMgr:805 - Attr not supported : Dmpu
2024-12-11 19:54:36,816 [ERROR] ConditionMgr:805 - Attr not supported : Dmpu
2024-12-11 19:54:36,816 [ERROR] ConditionMgr:805 - Attr not supported : Dmpu
2024-12-11 19:54:36,816 [ERROR] ConditionMgr:805 - Attr not supported : Dmpu
2024-12-11 19:54:36,816 [ERROR] ConditionMgr:805 - Attr not supported : Dmpu
2024-12-11 19:54:36,816 [ERROR] ConditionMgr:805 - Attr not supported : Dmpu
2024-12-11 19:54:36,816 [ERROR] ConditionMgr:805 - Attr not supported : Dmpu
2024-12-11 19:54:36,816 [ERROR] ConditionMgr:805 - Attr not supported : Dmpu
2024-12-11 19:54:36,817 [ERROR] ConditionMgr:805 - Attr not supported : Dmpu
2024-12-11 19:54:36,817 [ERROR] ConditionMgr:805 - Attr not supported : Dmpu
2024-12-11 19:54:36,817 [ERROR] ConditionMgr:805 - Attr not supported : Dmpu
2024-12-11 19:54:36,817 [ERROR] ConditionMgr:805 - Attr not supported : Dmpu
2024-12-11 19:54:36,817 [ERROR] ConditionMgr:805 - Attr not supported : Dmpu
2024-12-11 19:54:36,817 [ERROR] ConditionMgr:805 - Attr not supported : Dmpu
2024-12-11 19:54:36,817 [ERROR] ConditionMgr:805 - Attr not supported : Dmpu
2024-12-11 19:54:36,817 [ERROR] ConditionMgr:805 - Attr not supported : Dmpu
2024-12-11 19:54:36,817 [ERROR] ConditionMgr:805 - Attr not supported : Dmpu
2024-12-11 19:54:36,818 [ERROR] ConditionMgr:805 - Attr not supported : Dmpu
2024-12-11 19:54:36,818 [ERROR] ConditionMgr:805 - Attr not supported : Dmpu
2024-12-11 19:54:36,818 [ERROR] ConditionMgr:805 - Attr not supported : Dmpu
2024-12-11 19:54:36,818 [ERROR] ConditionMgr:805 - Attr not supported : Dmpu
2024-12-11 19:54:36,818 [ERROR] ConditionMgr:805 - Attr not supported : Dmpu
2024-12-11 19:54:36,818 [ERROR] ConditionMgr:805 - Attr not supported : Dmpu
2024-12-11 19:54:36,818 [ERROR] ConditionMgr:805 - Attr not supported : Dmpu
2024-12-11 19:54:36,818 [ERROR] ConditionMgr:805 - Attr not supported : Dmpu
2024-12-11 19:54:36,819 [ERROR] ConditionMgr:805 - Attr not supported : Dmpu
2024-12-11 19:54:36,819 [ERROR] ConditionMgr:805 - Attr not supported : Dmpu
2024-12-11 19:54:36,819 [ERROR] ConditionMgr:805 - Attr not supported : Dmpu
2024-12-11 19:54:36,819 [ERROR] ConditionMgr:805 - Attr not supported : Dmpu
2024-12-11 19:54:36,819 [ERROR] ConditionMgr:805 - Attr not supported : Dmpu
2024-12-11 19:54:36,819 [ERROR] ConditionMgr:805 - Attr not supported : Dmpu
2024-12-11 19:54:36,820 [ERROR] ConditionMgr:805 - Attr not supported : Dmpu
2024-12-11 19:54:36,820 [ERROR] ConditionMgr:805 - Attr not supported : Dmpu
2024-12-11 19:54:36,820 [ERROR] ConditionMgr:805 - Attr not supported : Dmpu
2024-12-11 19:54:36,820 [ERROR] ConditionMgr:805 - Attr not supported : Dmpu
2024-12-11 19:54:36,820 [ERROR] ConditionMgr:805 - Attr not supported : Dmpu
2024-12-11 19:54:36,820 [ERROR] ConditionMgr:805 - Attr not supported : Dmpu
2024-12-11 19:54:36,820 [ERROR] ConditionMgr:805 - Attr not supported : Dmpu
2024-12-11 19:54:36,820 [ERROR] ConditionMgr:805 - Attr not supported : Dmpu
2024-12-11 19:54:36,821 [ERROR] ConditionMgr:805 - Attr not supported : Dmpu
2024-12-11 19:54:36,821 [ERROR] ConditionMgr:805 - Attr not supported : Dmpu
2024-12-11 19:54:36,821 [ERROR] ConditionMgr:805 - Attr not supported : Dmpu
2024-12-11 19:54:36,821 [ERROR] ConditionMgr:805 - Attr not supported : Dmpu
2024-12-11 19:54:36,821 [ERROR] ConditionMgr:805 - Attr not supported : Dmpu
2024-12-11 19:54:36,821 [ERROR] ConditionMgr:805 - Attr not supported : Dmpu
2024-12-11 19:54:36,821 [ERROR] ConditionMgr:805 - Attr not supported : Dmpu
2024-12-11 19:54:36,848 [WARN] PackLoader:240 - Cannot read IP mode file for RealThread.X-CUBE-RT-Thread_Nano.4.1.1
2024-12-11 19:54:36,873 [WARN] PackLoader:240 - Cannot read IP mode file for STMicroelectronics.FP-ATR-SIGFOX1.3.2.0
2024-12-11 19:54:36,897 [WARN] PackLoader:240 - Cannot read IP mode file for wolfSSL.I-CUBE-wolfSSL.5.7.2
2024-12-11 19:54:36,926 [WARN] ConditionMgr:438 - getConditionDescription Invalid condition id : Cortex-A Device cause : null
2024-12-11 19:54:36,970 [WARN] ConditionMgr:1039 - genDependencies : Invalid condition id : Cortex-A Device cause : null
2024-12-11 19:54:36,970 [WARN] ConditionMgr:1039 - genDependencies : Invalid condition id : Cortex-A Device cause : null
2024-12-11 19:54:36,971 [WARN] ConditionMgr:1039 - genDependencies : Invalid condition id : Cortex-A Device cause : null
2024-12-11 19:54:37,005 [WARN] PackLoader:240 - Cannot read IP mode file for STMicroelectronics.X-CUBE-EEPRMA1.5.1.0
2024-12-11 19:54:37,054 [WARN] PackLoader:240 - Cannot read IP mode file for ITTIA_DB.I-CUBE-ITTIADB.8.9.0
2024-12-11 19:54:37,163 [WARN] PackLoader:240 - Cannot read IP mode file for SEGGER.I-CUBE-embOS.1.3.1
2024-12-11 19:54:37,255 [WARN] PackLoader:240 - Cannot read IP mode file for STMicroelectronics.X-CUBE-ALGOBUILD.1.4.0
2024-12-11 19:54:37,300 [WARN] PackLoader:240 - Cannot read IP mode file for STMicroelectronics.X-CUBE-AI.9.1.0
2024-12-11 19:54:37,374 [WARN] PackLoader:240 - Cannot read IP mode file for STMicroelectronics.X-CUBE-AZRTOS-F4.1.1.0
2024-12-11 19:54:37,405 [WARN] PackLoader:240 - Cannot read IP mode file for STMicroelectronics.X-CUBE-ISPU.2.1.0
2024-12-11 19:54:37,431 [WARN] PackLoader:240 - Cannot read IP mode file for STMicroelectronics.X-CUBE-FREERTOS.1.2.0
2024-12-11 19:54:37,483 [WARN] PackLoader:240 - Cannot read IP mode file for STMicroelectronics.X-CUBE-AZRTOS-L5.2.0.0
2024-12-11 19:54:37,526 [WARN] PackLoader:240 - Cannot read IP mode file for STMicroelectronics.X-CUBE-NFC6.3.1.0
2024-12-11 19:54:37,556 [WARN] PackLoader:240 - Cannot read IP mode file for STMicroelectronics.X-CUBE-DPower.1.2.0
2024-12-11 19:54:37,583 [WARN] PackLoader:240 - Cannot read IP mode file for STMicroelectronics.X-CUBE-FREERTOS.1.3.0
2024-12-11 19:54:37,611 [WARN] PackLoader:240 - Cannot read IP mode file for STMicroelectronics.X-CUBE-NFC7.1.0.1
2024-12-11 19:54:37,662 [WARN] ConditionMgr:438 - getConditionDescription Invalid condition id : LAN8742 Phy interface Condition cause : null
2024-12-11 19:54:37,662 [WARN] PackLoader:240 - Cannot read IP mode file for STMicroelectronics.X-CUBE-AZRTOS-L4.2.0.0
2024-12-11 19:54:37,664 [WARN] ConditionMgr:1039 - genDependencies : Invalid condition id : LAN8742 Phy interface Condition cause : null
2024-12-11 19:54:37,664 [WARN] ConditionMgr:1039 - genDependencies : Invalid condition id : LAN8742 Phy interface Condition cause : null
2024-12-11 19:54:37,665 [WARN] ConditionMgr:1039 - genDependencies : Invalid condition id : LAN8742 Phy interface Condition cause : null
2024-12-11 19:54:37,709 [WARN] PackLoader:240 - Cannot read IP mode file for STMicroelectronics.X-CUBE-SFXS2LP1.4.0.0
2024-12-11 19:54:37,798 [WARN] PackLoader:240 - Cannot read IP mode file for STMicroelectronics.X-CUBE-AZRTOS-H7.3.3.0
2024-12-11 19:54:37,847 [WARN] PackLoader:240 - Cannot read IP mode file for STMicroelectronics.X-CUBE-IPS.3.0.0
2024-12-11 19:54:37,896 [WARN] ConditionMgr:438 - getConditionDescription Invalid condition id : UX DEVICE CLASS RTOS Condition cause : null
2024-12-11 19:54:37,896 [WARN] ConditionMgr:438 - getConditionDescription Invalid condition id : UX DEVICE CLASS RTOS Condition cause : null
2024-12-11 19:54:37,898 [WARN] PackLoader:240 - Cannot read IP mode file for STMicroelectronics.X-CUBE-AZRTOS-WB.2.0.0
2024-12-11 19:54:37,899 [WARN] ConditionMgr:1039 - genDependencies : Invalid condition id : UX DEVICE CLASS RTOS Condition cause : null
2024-12-11 19:54:37,899 [WARN] ConditionMgr:1039 - genDependencies : Invalid condition id : UX DEVICE CLASS RTOS Condition cause : null
2024-12-11 19:54:37,899 [WARN] ConditionMgr:1039 - genDependencies : Invalid condition id : UX DEVICE CLASS RTOS Condition cause : null
2024-12-11 19:54:37,900 [WARN] ConditionMgr:1039 - genDependencies : Invalid condition id : UX DEVICE CLASS RTOS Condition cause : null
2024-12-11 19:54:37,900 [WARN] ConditionMgr:1039 - genDependencies : Invalid condition id : UX DEVICE CLASS RTOS Condition cause : null
2024-12-11 19:54:37,930 [WARN] PackLoader:240 - Cannot read IP mode file for STMicroelectronics.X-CUBE-GNSS1.7.0.0
2024-12-11 19:54:37,958 [WARN] PackLoader:240 - Cannot read IP mode file for STMicroelectronics.FP-SNS-STBOX1.2.0.0
2024-12-11 19:54:37,994 [WARN] PackLoader:240 - Cannot read IP mode file for STMicroelectronics.X-CUBE-SUBG2.5.0.0
2024-12-11 19:54:38,023 [WARN] PackLoader:240 - Cannot read IP mode file for Cesanta.I-CUBE-Mongoose.7.13.0
2024-12-11 19:54:38,070 [WARN] PackLoader:240 - Cannot read IP mode file for STMicroelectronics.X-CUBE-AZRTOS-G4.2.0.0
2024-12-11 19:54:38,098 [WARN] PackLoader:240 - Cannot read IP mode file for STMicroelectronics.X-CUBE-ALS.1.0.2
2024-12-11 19:54:38,124 [WARN] PackLoader:240 - Cannot read IP mode file for STMicroelectronics.X-CUBE-TOUCHGFX.4.24.1
2024-12-11 19:54:38,146 [WARN] PackLoader:240 - Cannot read IP mode file for wolfSSL.I-CUBE-wolfTPM.3.4.0
2024-12-11 19:54:38,174 [WARN] PackLoader:240 - Cannot read IP mode file for portGmbH.I-Cube-SoM-uGOAL.1.1.0
2024-12-11 19:54:38,228 [WARN] PackLoader:240 - Cannot read IP mode file for STMicroelectronics.X-CUBE-AZRTOS-H7RS.1.0.0
2024-12-11 19:54:38,249 [WARN] PackLoader:240 - Cannot read IP mode file for STMicroelectronics.FP-ATR-ASTRA1.2.0.0
2024-12-11 19:54:38,289 [WARN] PackLoader:240 - Cannot read IP mode file for STMicroelectronics.X-CUBE-TOF1.3.4.2
2024-12-11 19:54:38,361 [WARN] PackLoader:240 - Cannot read IP mode file for Infineon.AIROC-Wi-Fi-Bluetooth-STM32.1.6.1
2024-12-11 19:54:38,385 [WARN] PackLoader:240 - Cannot read IP mode file for wolfSSL.I-CUBE-wolfSSH.1.4.17
2024-12-11 19:54:38,386 [INFO] ThirdParty:978 - Integrity check success = true
2024-12-11 19:54:38,387 [INFO] IntegrityCheckThread:100 - exiting critical section [integrity check]
2024-12-11 19:54:38,387 [INFO] IntegrityCheckThread:103 - End integrity checks thread
2024-12-11 19:54:48,815 [INFO] WebApp:167 - Instantiating new browser for Auth
2024-12-11 19:54:50,237 [INFO] WebApp:448 - Apply proxy settings
2024-12-11 19:54:50,237 [INFO] WebApp:533 - Chromium requires no authentication
2024-12-11 19:54:50,257 [INFO] WebApp:476 - Direct internet connection detected
2024-12-11 19:54:50,306 [INFO] WebApp:869 - Register for checkConnection events
2024-12-11 19:54:50,306 [INFO] WebApp:448 - Apply proxy settings
2024-12-11 19:54:50,306 [INFO] WebApp:533 - Chromium requires no authentication
2024-12-11 19:54:50,307 [INFO] WebApp:476 - Direct internet connection detected
2024-12-11 19:54:50,687 [INFO] WebApp:220 - Starting web application
2024-12-11 19:54:50,688 [INFO] WebApp:578 - Web application path used C:\ST\STM32CubeIDE_1.16.1\STM32CubeIDE\plugins\com.st.stm32cube.common.mx_6.12.1.202409122256\db\plugins\mcufinder\reactClient1\index.html
2024-12-11 19:54:50,697 [INFO] WebApp:186 - Connection restablished
2024-12-11 19:54:51,017 [INFO] UserAuth:417 - Internet connection configuration mode: 1
2024-12-11 20:17:03,668 [ERROR] LogOutputStream:75 - [STDERR_REDIRECT] 
