2024-11-26 14:30:03,824 [INFO] Activator:176 - 


2024-11-26 14:30:03,831 [INFO] Activator:177 - !SESSION log4j initialized
2024-11-26 14:30:11,193 [INFO] LogOutputStream:77 - [STDOUT_REDIRECT] 
2024-11-26 14:30:15,219 [INFO] ApplicationProperties:184 - Using Application install path: C:\ST\STM32CubeIDE_1.16.1\STM32CubeIDE\plugins\com.st.stm32cube.common.mx_6.12.1.202409122256
2024-11-26 14:30:15,240 [INFO] DbMcusXml:78 - Set database path to: C:\ST\STM32CubeIDE_1.16.1\STM32CubeIDE\plugins\com.st.stm32cube.common.mx_6.12.1.202409122256\\db\/mcu/
2024-11-26 14:30:15,240 [INFO] ApiDb:274 - Set plugin database path to: C:\ST\STM32CubeIDE_1.16.1\STM32CubeIDE\plugins\com.st.stm32cube.common.mx_6.12.1.202409122256\\db\/plugins/boardmanager/
2024-11-26 14:30:15,241 [WARN] ApiDb:259 - Overriding images path with different value:  => C:\ST\STM32CubeIDE_1.16.1\STM32CubeIDE\plugins\com.st.stm32cube.common.mx_6.12.1.202409122256\\db\/plugins/mcufinder/images/
2024-11-26 14:30:15,251 [INFO] ApiDb:250 - Set database path to: C:\Users\mates\.stmcufinder\plugins\mcufinder//mcu/
2024-11-26 14:30:15,253 [INFO] DbMcusAds:125 - Set database path to: C:\Users\mates\.stmcufinder\plugins\mcufinder//mcu/
2024-11-26 14:30:15,255 [INFO] CrossReferenceDbSqlite:203 - Set database path to: C:\Users\mates\.stmcufinder\plugins\mcufinder//mcu/cs/
2024-11-26 14:30:15,387 [INFO] RulesReader:64 - Compatibility file has been processed (297 Rules)
2024-11-26 14:30:15,490 [INFO] DbMcusXml:78 - Set database path to: C:\ST\STM32CubeIDE_1.16.1\STM32CubeIDE\plugins\com.st.stm32cube.common.mx_6.12.1.202409122256\\db\/mcu/
2024-11-26 14:30:15,490 [INFO] ApiDb:274 - Set plugin database path to: C:\ST\STM32CubeIDE_1.16.1\STM32CubeIDE\plugins\com.st.stm32cube.common.mx_6.12.1.202409122256\\db\/plugins/boardmanager/
2024-11-26 14:30:15,490 [INFO] ApiDb:261 - Set plugin images path to: C:\ST\STM32CubeIDE_1.16.1\STM32CubeIDE\plugins\com.st.stm32cube.common.mx_6.12.1.202409122256\\db\/plugins/mcufinder/images/
2024-11-26 14:30:15,491 [WARN] DbFile:41 - Overriding database path with different value: C:\Users\mates\.stmcufinder\plugins\mcufinder/ => C:\Users\mates\.stmcufinder\plugins\mcufinder
2024-11-26 14:30:15,491 [INFO] ApiDb:250 - Set database path to: C:\Users\mates\.stmcufinder\plugins\mcufinder//mcu/
2024-11-26 14:30:15,491 [WARN] DbFile:41 - Overriding database path with different value: C:\Users\mates\.stmcufinder\plugins\mcufinder/ => C:\Users\mates\.stmcufinder\plugins\mcufinder
2024-11-26 14:30:15,491 [INFO] DbMcusAds:125 - Set database path to: C:\Users\mates\.stmcufinder\plugins\mcufinder//mcu/
2024-11-26 14:30:15,491 [WARN] DbFile:41 - Overriding database path with different value: C:\Users\mates\.stmcufinder\plugins\mcufinder/ => C:\Users\mates\.stmcufinder\plugins\mcufinder
2024-11-26 14:30:15,491 [WARN] DbFile:41 - Overriding database path with different value: C:\Users\mates\.stmcufinder\plugins\mcufinder/ => C:\Users\mates\.stmcufinder\plugins\mcufinder
2024-11-26 14:30:15,491 [INFO] CrossReferenceDbSqlite:203 - Set database path to: C:\Users\mates\.stmcufinder\plugins\mcufinder//mcu/cs/
2024-11-26 14:30:15,590 [INFO] MainPanel:268 - HeapMemory: 268435456
2024-11-26 14:30:15,770 [INFO] DbMcusXml:78 - Set database path to: C:\ST\STM32CubeIDE_1.16.1\STM32CubeIDE\plugins\com.st.stm32cube.common.mx_6.12.1.202409122256\\db\/mcu/
2024-11-26 14:30:15,771 [INFO] ApiDb:274 - Set plugin database path to: C:\ST\STM32CubeIDE_1.16.1\STM32CubeIDE\plugins\com.st.stm32cube.common.mx_6.12.1.202409122256\\db\/plugins/boardmanager/
2024-11-26 14:30:15,771 [INFO] ApiDb:261 - Set plugin images path to: C:\ST\STM32CubeIDE_1.16.1\STM32CubeIDE\plugins\com.st.stm32cube.common.mx_6.12.1.202409122256\\db\/plugins/mcufinder/images/
2024-11-26 14:30:15,771 [WARN] DbFile:41 - Overriding database path with different value: C:\Users\mates\.stmcufinder\plugins\mcufinder/ => C:\Users\mates\.stmcufinder\plugins\mcufinder
2024-11-26 14:30:15,771 [INFO] ApiDb:250 - Set database path to: C:\Users\mates\.stmcufinder\plugins\mcufinder//mcu/
2024-11-26 14:30:15,771 [WARN] DbFile:41 - Overriding database path with different value: C:\Users\mates\.stmcufinder\plugins\mcufinder/ => C:\Users\mates\.stmcufinder\plugins\mcufinder
2024-11-26 14:30:15,771 [INFO] DbMcusAds:125 - Set database path to: C:\Users\mates\.stmcufinder\plugins\mcufinder//mcu/
2024-11-26 14:30:15,772 [WARN] DbFile:41 - Overriding database path with different value: C:\Users\mates\.stmcufinder\plugins\mcufinder/ => C:\Users\mates\.stmcufinder\plugins\mcufinder
2024-11-26 14:30:15,772 [WARN] DbFile:41 - Overriding database path with different value: C:\Users\mates\.stmcufinder\plugins\mcufinder/ => C:\Users\mates\.stmcufinder\plugins\mcufinder
2024-11-26 14:30:15,772 [INFO] CrossReferenceDbSqlite:203 - Set database path to: C:\Users\mates\.stmcufinder\plugins\mcufinder//mcu/cs/
2024-11-26 14:30:15,797 [INFO] ApplicationProperties:184 - Using Application install path: C:\ST\STM32CubeIDE_1.16.1\STM32CubeIDE\plugins\com.st.stm32cube.common.mx_6.12.1.202409122256
2024-11-26 14:30:15,799 [INFO] PluginManage:196 - Search for loadable plugins [exclusion list=, ]
2024-11-26 14:30:15,801 [INFO] PluginManage:310 - Check plugin analytics
2024-11-26 14:30:16,014 [INFO] AnalyticsPlugin:253 - Accepted Software Licenses: 
2024-11-26 14:30:16,014 [INFO] AnalyticsPlugin:255 - Accepted CMSIS Pack Licenses: 
2024-11-26 14:30:16,014 [INFO] AnalyticsPlugin:257 - Accepted Firmware Licenses: FW.L4.1.18.0
2024-11-26 14:30:16,017 [INFO] PluginManage:359 - Loaded plugin analytics (category:tool,tabindex:-1)
2024-11-26 14:30:16,017 [INFO] PluginManage:310 - Check plugin cadmodel
2024-11-26 14:30:16,037 [INFO] CADModel:105 - Init CAD model plugin
2024-11-26 14:30:16,037 [INFO] PluginManage:359 - Loaded plugin cadmodel (category:power,tabindex:5)
2024-11-26 14:30:16,037 [INFO] PluginManage:310 - Check plugin clock
2024-11-26 14:30:16,061 [INFO] PluginManage:359 - Loaded plugin clock (category:base,tabindex:2)
2024-11-26 14:30:16,061 [INFO] PluginManage:310 - Check plugin ddr
2024-11-26 14:30:16,064 [INFO] PluginManage:359 - Loaded plugin ddr (category:tool,tabindex:6)
2024-11-26 14:30:16,064 [INFO] PluginManage:310 - Check plugin filemanager
2024-11-26 14:30:16,247 [INFO] PluginManage:359 - Loaded plugin filemanager (category:base,tabindex:10)
2024-11-26 14:30:16,248 [INFO] PluginManage:310 - Check plugin ipmanager
2024-11-26 14:30:16,255 [INFO] PluginManage:359 - Loaded plugin ipmanager (category:base,tabindex:5)
2024-11-26 14:30:16,256 [INFO] PluginManage:310 - Check plugin lpbam
2024-11-26 14:30:16,277 [INFO] PluginManage:359 - Loaded plugin lpbam (category:base,tabindex:0)
2024-11-26 14:30:16,277 [INFO] PluginManage:310 - Check plugin memorymap
2024-11-26 14:30:16,306 [INFO] PluginManage:359 - Loaded plugin memorymap (category:base,tabindex:4)
2024-11-26 14:30:16,306 [INFO] PluginManage:310 - Check plugin pinoutandconfiguration
2024-11-26 14:30:16,327 [INFO] PluginManage:359 - Loaded plugin pinoutandconfiguration (category:base,tabindex:1)
2024-11-26 14:30:16,327 [INFO] PluginManage:310 - Check plugin pinoutconfig
2024-11-26 14:30:16,460 [WARN] SupportedApi:132 - Cannot load RTOS API schema: s4s-elt-must-match.1: The content of 'definitions' must match (annotation?, (simpleType | complexType)?, (unique | key | keyref)*)). A problem was found starting at: attribute.
2024-11-26 14:30:16,613 [INFO] PluginManage:359 - Loaded plugin pinoutconfig (category:base,tabindex:0)
2024-11-26 14:30:16,613 [INFO] PluginManage:310 - Check plugin power
2024-11-26 14:30:16,641 [INFO] PluginManage:359 - Loaded plugin power (category:power,tabindex:4)
2024-11-26 14:30:16,641 [INFO] PluginManage:310 - Check plugin projectmanager
2024-11-26 14:30:16,657 [INFO] PluginManage:359 - Loaded plugin projectmanager (category:projectmanager,tabindex:4)
2024-11-26 14:30:16,658 [INFO] PluginManage:310 - Check plugin rif
2024-11-26 14:30:16,675 [INFO] PluginManage:359 - Loaded plugin rif (category:base,tabindex:3)
2024-11-26 14:30:16,676 [INFO] PluginManage:310 - Check plugin thirdparty
2024-11-26 14:30:17,016 [INFO] PluginManage:359 - Loaded plugin thirdparty (category:base,tabindex:-1)
2024-11-26 14:30:17,016 [WARN] IntegrityCheckThread:84 - waiting for thirdparty lock release [integrity check]
2024-11-26 14:30:17,016 [INFO] PluginManage:310 - Check plugin tools
2024-11-26 14:30:17,016 [INFO] IntegrityCheckThread:86 - entering critical section [integrity check]
2024-11-26 14:30:17,017 [INFO] ThirdPartyUpdaterWithRetryManager:70 - Updater plugin not ready yet. [1/15]
2024-11-26 14:30:17,054 [INFO] PluginManage:359 - Loaded plugin tools (category:base,tabindex:7)
2024-11-26 14:30:17,054 [INFO] PluginManage:310 - Check plugin tutovideos
2024-11-26 14:30:17,279 [INFO] PluginManage:359 - Loaded plugin tutovideos (category:base,tabindex:-1)
2024-11-26 14:30:17,280 [INFO] PluginManage:310 - Check plugin updater
2024-11-26 14:30:17,301 [INFO] PluginManage:359 - Loaded plugin updater (category:base,tabindex:12)
2024-11-26 14:30:17,301 [INFO] PluginManage:310 - Check plugin userauth
2024-11-26 14:30:17,308 [INFO] UserAuth:113 - Init User Auth plugin
2024-11-26 14:30:17,308 [INFO] PluginManage:359 - Loaded plugin userauth (category:base,tabindex:14)
2024-11-26 14:30:17,308 [INFO] PluginManage:283 - PluginManage : Loaded plugins [18]
2024-11-26 14:30:17,535 [INFO] PinOutPanel:1561 - setPackage(No Configuration,No Configuration)
2024-11-26 14:30:17,633 [INFO] CADModel:165 - CPN selected for project level
2024-11-26 14:30:17,633 [INFO] CADModel:114 - Register for checkConnection events
2024-11-26 14:30:17,663 [INFO] IPUIPlugin:80 - create IPUIPlugin
2024-11-26 14:30:17,664 [INFO] PluginManager:220 - loadIPPluginJar : add adc
2024-11-26 14:30:17,701 [INFO] IPUIPlugin:80 - create IPUIPlugin
2024-11-26 14:30:17,701 [INFO] PluginManager:220 - loadIPPluginJar : add aes
2024-11-26 14:30:17,744 [INFO] IPUIPlugin:80 - create IPUIPlugin
2024-11-26 14:30:17,744 [INFO] PluginManager:220 - loadIPPluginJar : add can
2024-11-26 14:30:17,781 [INFO] IPUIPlugin:80 - create IPUIPlugin
2024-11-26 14:30:17,781 [INFO] PluginManager:220 - loadIPPluginJar : add comp
2024-11-26 14:30:17,817 [INFO] IPUIPlugin:80 - create IPUIPlugin
2024-11-26 14:30:17,817 [INFO] PluginManager:220 - loadIPPluginJar : add cryp
2024-11-26 14:30:17,840 [INFO] IPUIPlugin:80 - create IPUIPlugin
2024-11-26 14:30:17,840 [INFO] PluginManager:220 - loadIPPluginJar : add ddr_ctrl_phy
2024-11-26 14:30:17,869 [INFO] IPUIPlugin:80 - create IPUIPlugin
2024-11-26 14:30:17,869 [INFO] PluginManager:220 - loadIPPluginJar : add dfsdm
2024-11-26 14:30:17,897 [INFO] IPUIPlugin:80 - create IPUIPlugin
2024-11-26 14:30:17,897 [INFO] PluginManager:220 - loadIPPluginJar : add dma
2024-11-26 14:30:17,940 [INFO] IPUIPlugin:80 - create IPUIPlugin
2024-11-26 14:30:17,940 [INFO] PluginManager:220 - loadIPPluginJar : add dma3
2024-11-26 14:30:17,995 [INFO] IPUIPlugin:80 - create IPUIPlugin
2024-11-26 14:30:17,995 [INFO] PluginManager:220 - loadIPPluginJar : add extmemmanager
2024-11-26 14:30:18,020 [INFO] IPUIPlugin:80 - create IPUIPlugin
2024-11-26 14:30:18,020 [INFO] PluginManager:220 - loadIPPluginJar : add fatfs
2024-11-26 14:30:18,080 [INFO] IPUIPlugin:80 - create IPUIPlugin
2024-11-26 14:30:18,080 [INFO] PluginManager:220 - loadIPPluginJar : add fmc
2024-11-26 14:30:18,104 [INFO] IPUIPlugin:80 - create IPUIPlugin
2024-11-26 14:30:18,104 [INFO] PluginManager:220 - loadIPPluginJar : add freertos
2024-11-26 14:30:18,129 [INFO] IPUIPlugin:80 - create IPUIPlugin
2024-11-26 14:30:18,130 [INFO] PluginManager:220 - loadIPPluginJar : add genericplugin
2024-11-26 14:30:18,220 [INFO] IPUIPlugin:80 - create IPUIPlugin
2024-11-26 14:30:18,221 [INFO] PluginManager:220 - loadIPPluginJar : add gfxmmu
2024-11-26 14:30:18,363 [INFO] IPUIPlugin:80 - create IPUIPlugin
2024-11-26 14:30:18,381 [INFO] PluginManager:220 - loadIPPluginJar : add gic
2024-11-26 14:30:18,395 [INFO] IPUIPlugin:80 - create IPUIPlugin
2024-11-26 14:30:18,395 [INFO] PluginManager:220 - loadIPPluginJar : add gpio
2024-11-26 14:30:18,485 [INFO] IPUIPlugin:80 - create IPUIPlugin
2024-11-26 14:30:18,485 [INFO] PluginManager:220 - loadIPPluginJar : add gtzc
2024-11-26 14:30:18,524 [INFO] IPUIPlugin:80 - create IPUIPlugin
2024-11-26 14:30:18,524 [INFO] PluginManager:220 - loadIPPluginJar : add hash
2024-11-26 14:30:18,583 [INFO] IPUIPlugin:80 - create IPUIPlugin
2024-11-26 14:30:18,583 [INFO] PluginManager:220 - loadIPPluginJar : add i2c
2024-11-26 14:30:18,637 [INFO] IPUIPlugin:80 - create IPUIPlugin
2024-11-26 14:30:18,637 [INFO] PluginManager:220 - loadIPPluginJar : add i2s
2024-11-26 14:30:18,685 [INFO] IPUIPlugin:80 - create IPUIPlugin
2024-11-26 14:30:18,686 [INFO] PluginManager:220 - loadIPPluginJar : add i3c
2024-11-26 14:30:18,805 [INFO] IPUIPlugin:80 - create IPUIPlugin
2024-11-26 14:30:18,805 [INFO] PluginManager:220 - loadIPPluginJar : add ipddr
2024-11-26 14:30:18,903 [INFO] IPUIPlugin:80 - create IPUIPlugin
2024-11-26 14:30:18,904 [INFO] PluginManager:220 - loadIPPluginJar : add linkedlist
2024-11-26 14:30:18,939 [INFO] IPUIPlugin:80 - create IPUIPlugin
2024-11-26 14:30:18,939 [INFO] PluginManager:220 - loadIPPluginJar : add lorawan
2024-11-26 14:30:18,983 [INFO] IPUIPlugin:80 - create IPUIPlugin
2024-11-26 14:30:18,984 [INFO] PluginManager:220 - loadIPPluginJar : add ltdc
2024-11-26 14:30:19,011 [INFO] IPUIPlugin:80 - create IPUIPlugin
2024-11-26 14:30:19,012 [INFO] PluginManager:220 - loadIPPluginJar : add mdma
2024-11-26 14:30:19,024 [INFO] IPUIPlugin:80 - create IPUIPlugin
2024-11-26 14:30:19,024 [INFO] PluginManager:220 - loadIPPluginJar : add nvic
2024-11-26 14:30:19,062 [INFO] IPUIPlugin:80 - create IPUIPlugin
2024-11-26 14:30:19,062 [INFO] PluginManager:220 - loadIPPluginJar : add opamp
2024-11-26 14:30:19,124 [INFO] IPUIPlugin:80 - create IPUIPlugin
2024-11-26 14:30:19,124 [INFO] PluginManager:220 - loadIPPluginJar : add openamp
2024-11-26 14:30:19,182 [INFO] IPUIPlugin:80 - create IPUIPlugin
2024-11-26 14:30:19,182 [INFO] PluginManager:220 - loadIPPluginJar : add pdm2pcm
2024-11-26 14:30:19,197 [INFO] IPUIPlugin:80 - create IPUIPlugin
2024-11-26 14:30:19,199 [INFO] PluginManager:220 - loadIPPluginJar : add plateformsettings
2024-11-26 14:30:19,223 [INFO] IPUIPlugin:80 - create IPUIPlugin
2024-11-26 14:30:19,224 [INFO] PluginManager:220 - loadIPPluginJar : add quadspi
2024-11-26 14:30:19,264 [INFO] IPUIPlugin:80 - create IPUIPlugin
2024-11-26 14:30:19,265 [INFO] PluginManager:220 - loadIPPluginJar : add radio
2024-11-26 14:30:19,291 [INFO] IPUIPlugin:80 - create IPUIPlugin
2024-11-26 14:30:19,291 [INFO] PluginManager:220 - loadIPPluginJar : add resmgrutility
2024-11-26 14:30:19,339 [INFO] IPUIPlugin:80 - create IPUIPlugin
2024-11-26 14:30:19,339 [INFO] PluginManager:220 - loadIPPluginJar : add sai
2024-11-26 14:30:19,379 [INFO] IPUIPlugin:80 - create IPUIPlugin
2024-11-26 14:30:19,379 [INFO] PluginManager:220 - loadIPPluginJar : add spi
2024-11-26 14:30:19,457 [INFO] IPUIPlugin:80 - create IPUIPlugin
2024-11-26 14:30:19,457 [INFO] PluginManager:220 - loadIPPluginJar : add stm32_wpan
2024-11-26 14:30:19,488 [INFO] IPUIPlugin:80 - create IPUIPlugin
2024-11-26 14:30:19,488 [INFO] PluginManager:220 - loadIPPluginJar : add tim
2024-11-26 14:30:19,551 [INFO] IPUIPlugin:80 - create IPUIPlugin
2024-11-26 14:30:19,552 [INFO] PluginManager:220 - loadIPPluginJar : add touchsensing
2024-11-26 14:30:19,574 [INFO] IPUIPlugin:80 - create IPUIPlugin
2024-11-26 14:30:19,574 [INFO] PluginManager:220 - loadIPPluginJar : add tracer_emb
2024-11-26 14:30:19,605 [INFO] IPUIPlugin:80 - create IPUIPlugin
2024-11-26 14:30:19,605 [INFO] PluginManager:220 - loadIPPluginJar : add ts
2024-11-26 14:30:19,639 [INFO] IPUIPlugin:80 - create IPUIPlugin
2024-11-26 14:30:19,640 [INFO] PluginManager:220 - loadIPPluginJar : add tsc
2024-11-26 14:30:19,673 [INFO] IPUIPlugin:80 - create IPUIPlugin
2024-11-26 14:30:19,673 [INFO] PluginManager:220 - loadIPPluginJar : add ucpd
2024-11-26 14:30:19,723 [INFO] IPUIPlugin:80 - create IPUIPlugin
2024-11-26 14:30:19,724 [INFO] PluginManager:220 - loadIPPluginJar : add usart
2024-11-26 14:30:19,765 [INFO] IPUIPlugin:80 - create IPUIPlugin
2024-11-26 14:30:19,765 [INFO] PluginManager:220 - loadIPPluginJar : add usbx
2024-11-26 14:30:19,902 [INFO] CADModel:165 - CPN selected for project level
2024-11-26 14:30:19,902 [INFO] CADModel:114 - Register for checkConnection events
2024-11-26 14:30:19,902 [FATAL] Updater:334 - Updater called before beeing initialized
2024-11-26 14:30:19,903 [ERROR] CADModel:125 - Updater not yet initialized, retry later 
2024-11-26 14:30:20,018 [INFO] ThirdPartyUpdaterWithRetryManager:70 - Updater plugin not ready yet. [2/15]
2024-11-26 14:30:20,079 [INFO] CADModel:165 - CPN selected for project level
2024-11-26 14:30:20,079 [INFO] CADModel:114 - Register for checkConnection events
2024-11-26 14:30:20,079 [FATAL] Updater:334 - Updater called before beeing initialized
2024-11-26 14:30:20,079 [ERROR] CADModel:125 - Updater not yet initialized, retry later 
2024-11-26 14:30:20,082 [FATAL] Updater:334 - Updater called before beeing initialized
2024-11-26 14:30:20,180 [FATAL] Updater:334 - Updater called before beeing initialized
2024-11-26 14:30:20,190 [INFO] DbMcusAds:53 - JSON generation date=Fri Sep 20 15:04:38 CEST 2024 (1726837478367)
2024-11-26 14:30:20,191 [FATAL] Updater:334 - Updater called before beeing initialized
2024-11-26 14:30:20,231 [WARN] DetailPanel:346 - Failed to get advertising image, set to default
2024-11-26 14:30:20,340 [FATAL] Updater:334 - Updater called before beeing initialized
2024-11-26 14:30:20,341 [FATAL] Updater:334 - Updater called before beeing initialized
2024-11-26 14:30:20,342 [FATAL] Updater:334 - Updater called before beeing initialized
2024-11-26 14:30:20,342 [WARN] DetailPanel:346 - Failed to get advertising image, set to default
2024-11-26 14:30:20,342 [FATAL] Updater:334 - Updater called before beeing initialized
2024-11-26 14:30:20,419 [ERROR] Updater:1164 - MainUpdater not yet initialized. External WinMGr cannot be set.
2024-11-26 14:30:20,432 [INFO] Updater:1100 - Updater Version found : 6.12.1
2024-11-26 14:30:20,453 [INFO] ApplicationProperties:184 - Using Application install path: C:\ST\STM32CubeIDE_1.16.1\STM32CubeIDE\plugins\com.st.stm32cube.common.mx_6.12.1.202409122256
2024-11-26 14:30:22,033 [ERROR] LogOutputStream:75 - [STDERR_REDIRECT] Nov 26, 2024 2:30:22 PM java.util.prefs.WindowsPreferences <init>
2024-11-26 14:30:22,034 [ERROR] LogOutputStream:75 - [STDERR_REDIRECT] WARNING: Could not open/create prefs root node Software\JavaSoft\Prefs at root 0xffffffff80000002. Windows RegCreateKeyEx(...) returned error code 5.
2024-11-26 14:30:22,034 [ERROR] LogOutputStream:75 - [STDERR_REDIRECT] 
2024-11-26 14:30:22,315 [INFO] MainUpdater:2873 - connection check result : 10
2024-11-26 14:30:22,315 [INFO] MainUpdater:290 - Updater Check For Update Now.
2024-11-26 14:30:22,316 [INFO] MicroXplorer:498 - Change Database Version : DB.6.0.121
2024-11-26 14:30:22,333 [INFO] McuFinderGlobals:63 - Set McuFinder mode to 2 (CubeIDE integrated)
2024-11-26 14:30:22,338 [INFO] UserAuth:417 - Internet connection configuration mode: 1
2024-11-26 14:30:22,368 [INFO] JxBrowserEngine:152 - Initiate JxBrowser Engine with user profile folder
2024-11-26 14:30:22,543 [INFO] CheckServerUpdateThread:120 - End of CheckServer Thread
2024-11-26 14:30:23,233 [WARN] PackLoader:240 - Cannot read IP mode file for STMicroelectronics.FP-SNS-MOTENVWB1.1.4.0
2024-11-26 14:30:23,251 [WARN] PackLoader:240 - Cannot read IP mode file for STMicroelectronics.FP-ATR-ASTRA1.2.0.1
2024-11-26 14:30:23,267 [WARN] PackLoader:240 - Cannot read IP mode file for STMicroelectronics.X-CUBE-SMBUS.2.1.0
2024-11-26 14:30:23,284 [WARN] PackLoader:240 - Cannot read IP mode file for STMicroelectronics.X-CUBE-WB05N.1.1.0
2024-11-26 14:30:23,321 [WARN] PackLoader:240 - Cannot read IP mode file for STMicroelectronics.X-CUBE-AZRTOS-F7.1.1.0
2024-11-26 14:30:23,393 [WARN] PackLoader:240 - Cannot read IP mode file for STMicroelectronics.X-CUBE-MEMS1.11.0.0
2024-11-26 14:30:23,525 [WARN] PackLoader:240 - Cannot read IP mode file for STMicroelectronics.FP-SNS-FLIGHT1.5.0.2
2024-11-26 14:30:23,543 [WARN] PackLoader:240 - Cannot read IP mode file for STMicroelectronics.X-CUBE-DISPLAY.3.0.0
2024-11-26 14:30:23,562 [WARN] PackLoader:240 - Cannot read IP mode file for STMicroelectronics.X-CUBE-BLE1.7.0.0
2024-11-26 14:30:23,579 [WARN] PackLoader:240 - Cannot read IP mode file for STMicroelectronics.X-CUBE-NFC10.1.0.0
2024-11-26 14:30:23,594 [WARN] PackLoader:240 - Cannot read IP mode file for emotas.I-CUBE-CANOPEN.1.3.0
2024-11-26 14:30:23,611 [WARN] PackLoader:240 - Cannot read IP mode file for STMicroelectronics.X-CUBE-BLEMGR.3.1.0
2024-11-26 14:30:23,626 [WARN] PackLoader:240 - Cannot read IP mode file for STMicroelectronics.FP-SNS-SMARTAG2.1.2.0
2024-11-26 14:30:23,647 [INFO] LogOutputStream:77 - [STDOUT_REDIRECT] 1 : Invalid condition id : UX_CORESTACK_Condition cause : null
2024-11-26 14:30:23,647 [INFO] LogOutputStream:77 - [STDOUT_REDIRECT] 1 : Invalid condition id : UX_CORESTACK_Condition cause : null
2024-11-26 14:30:23,648 [INFO] LogOutputStream:77 - [STDOUT_REDIRECT] 1 : Invalid condition id : UX_CORESTACK_Condition cause : null
2024-11-26 14:30:23,649 [INFO] LogOutputStream:77 - [STDOUT_REDIRECT] 1 : Invalid condition id : UX_CORESTACK_Condition cause : null
2024-11-26 14:30:23,650 [INFO] LogOutputStream:77 - [STDOUT_REDIRECT] 1 : Invalid condition id : UX_CORESTACK_Condition cause : null
2024-11-26 14:30:23,652 [WARN] PackLoader:240 - Cannot read IP mode file for STMicroelectronics.X-CUBE-AZRTOS-WL.2.0.0
2024-11-26 14:30:23,667 [WARN] PackLoader:240 - Cannot read IP mode file for STMicroelectronics.FP-SNS-MOTENV1.5.0.0
2024-11-26 14:30:23,680 [WARN] PackLoader:240 - Cannot read IP mode file for wolfSSL.I-CUBE-wolfMQTT.1.19.0
2024-11-26 14:30:23,697 [WARN] PackLoader:240 - Cannot read IP mode file for WES.I-CUBE-Cesium.1.3.0
2024-11-26 14:30:23,713 [WARN] PackLoader:240 - Cannot read IP mode file for STMicroelectronics.X-CUBE-BLE2.3.3.0
2024-11-26 14:30:23,731 [WARN] PackLoader:240 - Cannot read IP mode file for STMicroelectronics.X-CUBE-NFC9.1.0.0
2024-11-26 14:30:23,759 [WARN] PackLoader:240 - Cannot read IP mode file for STMicroelectronics.X-CUBE-TCPP.4.1.0
2024-11-26 14:30:23,797 [WARN] PackLoader:240 - Cannot read IP mode file for STMicroelectronics.X-CUBE-AZRTOS-G0.1.1.0
2024-11-26 14:30:23,826 [WARN] PackLoader:240 - Cannot read IP mode file for STMicroelectronics.X-CUBE-SAFEA1.1.2.2
2024-11-26 14:30:23,850 [WARN] PackLoader:240 - Cannot read IP mode file for STMicroelectronics.X-CUBE-NFC4.3.0.0
2024-11-26 14:30:23,874 [WARN] PackLoader:240 - Cannot read IP mode file for EmbeddedOffice.I-CUBE-FS-RTOS.1.0.1
2024-11-26 14:30:23,875 [ERROR] ConditionMgr:805 - Attr not supported : Dmpu
2024-11-26 14:30:23,875 [ERROR] ConditionMgr:805 - Attr not supported : Dmpu
2024-11-26 14:30:23,875 [ERROR] ConditionMgr:805 - Attr not supported : Dmpu
2024-11-26 14:30:23,875 [ERROR] ConditionMgr:805 - Attr not supported : Dmpu
2024-11-26 14:30:23,875 [ERROR] ConditionMgr:805 - Attr not supported : Dmpu
2024-11-26 14:30:23,875 [ERROR] ConditionMgr:805 - Attr not supported : Dmpu
2024-11-26 14:30:23,875 [ERROR] ConditionMgr:805 - Attr not supported : Dmpu
2024-11-26 14:30:23,875 [ERROR] ConditionMgr:805 - Attr not supported : Dmpu
2024-11-26 14:30:23,875 [ERROR] ConditionMgr:805 - Attr not supported : Dmpu
2024-11-26 14:30:23,875 [ERROR] ConditionMgr:805 - Attr not supported : Dmpu
2024-11-26 14:30:23,875 [ERROR] ConditionMgr:805 - Attr not supported : Dmpu
2024-11-26 14:30:23,875 [ERROR] ConditionMgr:805 - Attr not supported : Dmpu
2024-11-26 14:30:23,875 [ERROR] ConditionMgr:805 - Attr not supported : Dmpu
2024-11-26 14:30:23,875 [ERROR] ConditionMgr:805 - Attr not supported : Dmpu
2024-11-26 14:30:23,875 [ERROR] ConditionMgr:805 - Attr not supported : Dmpu
2024-11-26 14:30:23,875 [ERROR] ConditionMgr:805 - Attr not supported : Dmpu
2024-11-26 14:30:23,876 [ERROR] ConditionMgr:805 - Attr not supported : Dmpu
2024-11-26 14:30:23,876 [ERROR] ConditionMgr:805 - Attr not supported : Dmpu
2024-11-26 14:30:23,876 [ERROR] ConditionMgr:805 - Attr not supported : Dmpu
2024-11-26 14:30:23,876 [ERROR] ConditionMgr:805 - Attr not supported : Dmpu
2024-11-26 14:30:23,876 [ERROR] ConditionMgr:805 - Attr not supported : Dmpu
2024-11-26 14:30:23,876 [ERROR] ConditionMgr:805 - Attr not supported : Dmpu
2024-11-26 14:30:23,876 [ERROR] ConditionMgr:805 - Attr not supported : Dmpu
2024-11-26 14:30:23,876 [ERROR] ConditionMgr:805 - Attr not supported : Dmpu
2024-11-26 14:30:23,876 [ERROR] ConditionMgr:805 - Attr not supported : Dmpu
2024-11-26 14:30:23,876 [ERROR] ConditionMgr:805 - Attr not supported : Dmpu
2024-11-26 14:30:23,876 [ERROR] ConditionMgr:805 - Attr not supported : Dmpu
2024-11-26 14:30:23,876 [ERROR] ConditionMgr:805 - Attr not supported : Dmpu
2024-11-26 14:30:23,876 [ERROR] ConditionMgr:805 - Attr not supported : Dmpu
2024-11-26 14:30:23,876 [ERROR] ConditionMgr:805 - Attr not supported : Dmpu
2024-11-26 14:30:23,876 [ERROR] ConditionMgr:805 - Attr not supported : Dmpu
2024-11-26 14:30:23,876 [ERROR] ConditionMgr:805 - Attr not supported : Dmpu
2024-11-26 14:30:23,876 [ERROR] ConditionMgr:805 - Attr not supported : Dmpu
2024-11-26 14:30:23,876 [ERROR] ConditionMgr:805 - Attr not supported : Dmpu
2024-11-26 14:30:23,876 [ERROR] ConditionMgr:805 - Attr not supported : Dmpu
2024-11-26 14:30:23,876 [ERROR] ConditionMgr:805 - Attr not supported : Dmpu
2024-11-26 14:30:23,877 [ERROR] ConditionMgr:805 - Attr not supported : Dmpu
2024-11-26 14:30:23,877 [ERROR] ConditionMgr:805 - Attr not supported : Dmpu
2024-11-26 14:30:23,877 [ERROR] ConditionMgr:805 - Attr not supported : Dmpu
2024-11-26 14:30:23,877 [ERROR] ConditionMgr:805 - Attr not supported : Dmpu
2024-11-26 14:30:23,877 [ERROR] ConditionMgr:805 - Attr not supported : Dmpu
2024-11-26 14:30:23,877 [ERROR] ConditionMgr:805 - Attr not supported : Dmpu
2024-11-26 14:30:23,877 [ERROR] ConditionMgr:805 - Attr not supported : Dmpu
2024-11-26 14:30:23,877 [ERROR] ConditionMgr:805 - Attr not supported : Dmpu
2024-11-26 14:30:23,877 [ERROR] ConditionMgr:805 - Attr not supported : Dmpu
2024-11-26 14:30:23,877 [ERROR] ConditionMgr:805 - Attr not supported : Dmpu
2024-11-26 14:30:23,877 [ERROR] ConditionMgr:805 - Attr not supported : Dmpu
2024-11-26 14:30:23,877 [ERROR] ConditionMgr:805 - Attr not supported : Dmpu
2024-11-26 14:30:23,877 [ERROR] ConditionMgr:805 - Attr not supported : Dmpu
2024-11-26 14:30:23,877 [ERROR] ConditionMgr:805 - Attr not supported : Dmpu
2024-11-26 14:30:23,877 [ERROR] ConditionMgr:805 - Attr not supported : Dmpu
2024-11-26 14:30:23,877 [ERROR] ConditionMgr:805 - Attr not supported : Dmpu
2024-11-26 14:30:23,877 [ERROR] ConditionMgr:805 - Attr not supported : Dmpu
2024-11-26 14:30:23,878 [ERROR] ConditionMgr:805 - Attr not supported : Dmpu
2024-11-26 14:30:23,878 [ERROR] ConditionMgr:805 - Attr not supported : Dmpu
2024-11-26 14:30:23,878 [ERROR] ConditionMgr:805 - Attr not supported : Dmpu
2024-11-26 14:30:23,878 [ERROR] ConditionMgr:805 - Attr not supported : Dmpu
2024-11-26 14:30:23,878 [ERROR] ConditionMgr:805 - Attr not supported : Dmpu
2024-11-26 14:30:23,878 [ERROR] ConditionMgr:805 - Attr not supported : Dmpu
2024-11-26 14:30:23,878 [ERROR] ConditionMgr:805 - Attr not supported : Dmpu
2024-11-26 14:30:23,878 [ERROR] ConditionMgr:805 - Attr not supported : Dmpu
2024-11-26 14:30:23,878 [ERROR] ConditionMgr:805 - Attr not supported : Dmpu
2024-11-26 14:30:23,879 [ERROR] ConditionMgr:805 - Attr not supported : Dmpu
2024-11-26 14:30:23,879 [ERROR] ConditionMgr:805 - Attr not supported : Dmpu
2024-11-26 14:30:23,895 [WARN] PackLoader:240 - Cannot read IP mode file for RealThread.X-CUBE-RT-Thread_Nano.4.1.1
2024-11-26 14:30:23,910 [WARN] PackLoader:240 - Cannot read IP mode file for STMicroelectronics.FP-ATR-SIGFOX1.3.2.0
2024-11-26 14:30:23,923 [WARN] PackLoader:240 - Cannot read IP mode file for wolfSSL.I-CUBE-wolfSSL.5.7.2
2024-11-26 14:30:23,937 [WARN] ConditionMgr:438 - getConditionDescription Invalid condition id : Cortex-A Device cause : null
2024-11-26 14:30:23,962 [WARN] ConditionMgr:1039 - genDependencies : Invalid condition id : Cortex-A Device cause : null
2024-11-26 14:30:23,962 [WARN] ConditionMgr:1039 - genDependencies : Invalid condition id : Cortex-A Device cause : null
2024-11-26 14:30:23,962 [WARN] ConditionMgr:1039 - genDependencies : Invalid condition id : Cortex-A Device cause : null
2024-11-26 14:30:23,978 [WARN] PackLoader:240 - Cannot read IP mode file for STMicroelectronics.X-CUBE-EEPRMA1.5.1.0
2024-11-26 14:30:23,995 [WARN] PackLoader:240 - Cannot read IP mode file for ITTIA_DB.I-CUBE-ITTIADB.8.9.0
2024-11-26 14:30:24,029 [WARN] PackLoader:240 - Cannot read IP mode file for SEGGER.I-CUBE-embOS.1.3.1
2024-11-26 14:30:24,064 [WARN] PackLoader:240 - Cannot read IP mode file for STMicroelectronics.X-CUBE-ALGOBUILD.1.4.0
2024-11-26 14:30:24,078 [WARN] PackLoader:240 - Cannot read IP mode file for STMicroelectronics.X-CUBE-AI.9.1.0
2024-11-26 14:30:24,108 [WARN] PackLoader:240 - Cannot read IP mode file for STMicroelectronics.X-CUBE-AZRTOS-F4.1.1.0
2024-11-26 14:30:24,122 [WARN] PackLoader:240 - Cannot read IP mode file for STMicroelectronics.X-CUBE-ISPU.2.1.0
2024-11-26 14:30:24,135 [WARN] PackLoader:240 - Cannot read IP mode file for STMicroelectronics.X-CUBE-FREERTOS.1.2.0
2024-11-26 14:30:24,169 [WARN] PackLoader:240 - Cannot read IP mode file for STMicroelectronics.X-CUBE-AZRTOS-L5.2.0.0
2024-11-26 14:30:24,190 [WARN] PackLoader:240 - Cannot read IP mode file for STMicroelectronics.X-CUBE-NFC6.3.1.0
2024-11-26 14:30:24,204 [WARN] PackLoader:240 - Cannot read IP mode file for STMicroelectronics.X-CUBE-DPower.1.2.0
2024-11-26 14:30:24,219 [WARN] PackLoader:240 - Cannot read IP mode file for STMicroelectronics.X-CUBE-NFC7.1.0.1
2024-11-26 14:30:24,248 [WARN] ConditionMgr:438 - getConditionDescription Invalid condition id : LAN8742 Phy interface Condition cause : null
2024-11-26 14:30:24,248 [WARN] PackLoader:240 - Cannot read IP mode file for STMicroelectronics.X-CUBE-AZRTOS-L4.2.0.0
2024-11-26 14:30:24,249 [WARN] ConditionMgr:1039 - genDependencies : Invalid condition id : LAN8742 Phy interface Condition cause : null
2024-11-26 14:30:24,249 [WARN] ConditionMgr:1039 - genDependencies : Invalid condition id : LAN8742 Phy interface Condition cause : null
2024-11-26 14:30:24,249 [WARN] ConditionMgr:1039 - genDependencies : Invalid condition id : LAN8742 Phy interface Condition cause : null
2024-11-26 14:30:24,264 [WARN] PackLoader:240 - Cannot read IP mode file for STMicroelectronics.X-CUBE-SFXS2LP1.4.0.0
2024-11-26 14:30:24,296 [WARN] PackLoader:240 - Cannot read IP mode file for STMicroelectronics.X-CUBE-AZRTOS-H7.3.3.0
2024-11-26 14:30:24,316 [WARN] PackLoader:240 - Cannot read IP mode file for STMicroelectronics.X-CUBE-IPS.3.0.0
2024-11-26 14:30:24,342 [WARN] ConditionMgr:438 - getConditionDescription Invalid condition id : UX DEVICE CLASS RTOS Condition cause : null
2024-11-26 14:30:24,342 [WARN] ConditionMgr:438 - getConditionDescription Invalid condition id : UX DEVICE CLASS RTOS Condition cause : null
2024-11-26 14:30:24,344 [WARN] PackLoader:240 - Cannot read IP mode file for STMicroelectronics.X-CUBE-AZRTOS-WB.2.0.0
2024-11-26 14:30:24,345 [WARN] ConditionMgr:1039 - genDependencies : Invalid condition id : UX DEVICE CLASS RTOS Condition cause : null
2024-11-26 14:30:24,345 [WARN] ConditionMgr:1039 - genDependencies : Invalid condition id : UX DEVICE CLASS RTOS Condition cause : null
2024-11-26 14:30:24,345 [WARN] ConditionMgr:1039 - genDependencies : Invalid condition id : UX DEVICE CLASS RTOS Condition cause : null
2024-11-26 14:30:24,345 [WARN] ConditionMgr:1039 - genDependencies : Invalid condition id : UX DEVICE CLASS RTOS Condition cause : null
2024-11-26 14:30:24,345 [WARN] ConditionMgr:1039 - genDependencies : Invalid condition id : UX DEVICE CLASS RTOS Condition cause : null
2024-11-26 14:30:24,361 [WARN] PackLoader:240 - Cannot read IP mode file for STMicroelectronics.X-CUBE-GNSS1.7.0.0
2024-11-26 14:30:24,378 [WARN] PackLoader:240 - Cannot read IP mode file for STMicroelectronics.FP-SNS-STBOX1.2.0.0
2024-11-26 14:30:24,399 [WARN] PackLoader:240 - Cannot read IP mode file for STMicroelectronics.X-CUBE-SUBG2.5.0.0
2024-11-26 14:30:24,415 [WARN] PackLoader:240 - Cannot read IP mode file for Cesanta.I-CUBE-Mongoose.7.13.0
2024-11-26 14:30:24,438 [WARN] PackLoader:240 - Cannot read IP mode file for STMicroelectronics.X-CUBE-AZRTOS-G4.2.0.0
2024-11-26 14:30:24,452 [WARN] PackLoader:240 - Cannot read IP mode file for STMicroelectronics.X-CUBE-ALS.1.0.2
2024-11-26 14:30:24,467 [WARN] PackLoader:240 - Cannot read IP mode file for STMicroelectronics.X-CUBE-TOUCHGFX.4.24.1
2024-11-26 14:30:24,480 [WARN] PackLoader:240 - Cannot read IP mode file for wolfSSL.I-CUBE-wolfTPM.3.4.0
2024-11-26 14:30:24,496 [WARN] PackLoader:240 - Cannot read IP mode file for portGmbH.I-Cube-SoM-uGOAL.1.1.0
2024-11-26 14:30:24,523 [WARN] PackLoader:240 - Cannot read IP mode file for STMicroelectronics.X-CUBE-AZRTOS-H7RS.1.0.0
2024-11-26 14:30:24,542 [WARN] PackLoader:240 - Cannot read IP mode file for STMicroelectronics.FP-ATR-ASTRA1.2.0.0
2024-11-26 14:30:24,563 [WARN] PackLoader:240 - Cannot read IP mode file for STMicroelectronics.X-CUBE-TOF1.3.4.2
2024-11-26 14:30:24,609 [WARN] PackLoader:240 - Cannot read IP mode file for Infineon.AIROC-Wi-Fi-Bluetooth-STM32.1.6.1
2024-11-26 14:30:24,622 [WARN] PackLoader:240 - Cannot read IP mode file for wolfSSL.I-CUBE-wolfSSH.1.4.17
2024-11-26 14:30:24,623 [INFO] ThirdParty:978 - Integrity check success = true
2024-11-26 14:30:24,623 [INFO] IntegrityCheckThread:100 - exiting critical section [integrity check]
2024-11-26 14:30:24,623 [INFO] IntegrityCheckThread:103 - End integrity checks thread
2024-11-26 14:30:28,898 [INFO] WebApp:167 - Instantiating new browser for Auth
2024-11-26 14:30:29,715 [INFO] WebApp:448 - Apply proxy settings
2024-11-26 14:30:29,715 [INFO] WebApp:533 - Chromium requires no authentication
2024-11-26 14:30:29,743 [INFO] WebApp:476 - Direct internet connection detected
2024-11-26 14:30:29,794 [INFO] WebApp:869 - Register for checkConnection events
2024-11-26 14:30:29,794 [INFO] WebApp:448 - Apply proxy settings
2024-11-26 14:30:29,794 [INFO] WebApp:533 - Chromium requires no authentication
2024-11-26 14:30:29,795 [INFO] WebApp:476 - Direct internet connection detected
2024-11-26 14:30:30,000 [INFO] WebApp:186 - Connection restablished
2024-11-26 14:30:30,017 [INFO] WebApp:220 - Starting web application
2024-11-26 14:30:30,017 [INFO] WebApp:578 - Web application path used C:\ST\STM32CubeIDE_1.16.1\STM32CubeIDE\plugins\com.st.stm32cube.common.mx_6.12.1.202409122256\db\plugins\mcufinder\reactClient1\index.html
2024-11-26 14:30:30,218 [INFO] UserAuth:417 - Internet connection configuration mode: 1
2024-11-26 14:31:15,287 [INFO] WebApp:189 - Connection lost
2024-11-26 14:31:15,446 [INFO] WebApp:186 - Connection restablished
2024-11-26 14:32:10,066 [ERROR] LogOutputStream:75 - [STDERR_REDIRECT] 
2024-11-26 14:32:10,066 [ERROR] LogOutputStream:75 - [STDERR_REDIRECT] 
2024-11-26 14:36:29,410 [INFO] Activator:176 - 


2024-11-26 14:36:29,413 [INFO] Activator:177 - !SESSION log4j initialized
2024-11-26 14:36:34,501 [INFO] LogOutputStream:77 - [STDOUT_REDIRECT] 
2024-11-26 14:36:37,747 [INFO] ApplicationProperties:184 - Using Application install path: C:\ST\STM32CubeIDE_1.16.1\STM32CubeIDE\plugins\com.st.stm32cube.common.mx_6.12.1.202409122256
2024-11-26 14:36:37,784 [INFO] DbMcusXml:78 - Set database path to: C:\ST\STM32CubeIDE_1.16.1\STM32CubeIDE\plugins\com.st.stm32cube.common.mx_6.12.1.202409122256\\db\/mcu/
2024-11-26 14:36:37,785 [INFO] ApiDb:274 - Set plugin database path to: C:\ST\STM32CubeIDE_1.16.1\STM32CubeIDE\plugins\com.st.stm32cube.common.mx_6.12.1.202409122256\\db\/plugins/boardmanager/
2024-11-26 14:36:37,786 [WARN] ApiDb:259 - Overriding images path with different value:  => C:\ST\STM32CubeIDE_1.16.1\STM32CubeIDE\plugins\com.st.stm32cube.common.mx_6.12.1.202409122256\\db\/plugins/mcufinder/images/
2024-11-26 14:36:37,796 [INFO] ApiDb:250 - Set database path to: C:\Users\mates\.stmcufinder\plugins\mcufinder//mcu/
2024-11-26 14:36:37,798 [INFO] DbMcusAds:125 - Set database path to: C:\Users\mates\.stmcufinder\plugins\mcufinder//mcu/
2024-11-26 14:36:37,802 [INFO] CrossReferenceDbSqlite:203 - Set database path to: C:\Users\mates\.stmcufinder\plugins\mcufinder//mcu/cs/
2024-11-26 14:36:37,998 [INFO] RulesReader:64 - Compatibility file has been processed (297 Rules)
2024-11-26 14:36:38,151 [INFO] DbMcusXml:78 - Set database path to: C:\ST\STM32CubeIDE_1.16.1\STM32CubeIDE\plugins\com.st.stm32cube.common.mx_6.12.1.202409122256\\db\/mcu/
2024-11-26 14:36:38,151 [INFO] ApiDb:274 - Set plugin database path to: C:\ST\STM32CubeIDE_1.16.1\STM32CubeIDE\plugins\com.st.stm32cube.common.mx_6.12.1.202409122256\\db\/plugins/boardmanager/
2024-11-26 14:36:38,152 [INFO] ApiDb:261 - Set plugin images path to: C:\ST\STM32CubeIDE_1.16.1\STM32CubeIDE\plugins\com.st.stm32cube.common.mx_6.12.1.202409122256\\db\/plugins/mcufinder/images/
2024-11-26 14:36:38,152 [WARN] DbFile:41 - Overriding database path with different value: C:\Users\mates\.stmcufinder\plugins\mcufinder/ => C:\Users\mates\.stmcufinder\plugins\mcufinder
2024-11-26 14:36:38,153 [INFO] ApiDb:250 - Set database path to: C:\Users\mates\.stmcufinder\plugins\mcufinder//mcu/
2024-11-26 14:36:38,153 [WARN] DbFile:41 - Overriding database path with different value: C:\Users\mates\.stmcufinder\plugins\mcufinder/ => C:\Users\mates\.stmcufinder\plugins\mcufinder
2024-11-26 14:36:38,153 [INFO] DbMcusAds:125 - Set database path to: C:\Users\mates\.stmcufinder\plugins\mcufinder//mcu/
2024-11-26 14:36:38,154 [WARN] DbFile:41 - Overriding database path with different value: C:\Users\mates\.stmcufinder\plugins\mcufinder/ => C:\Users\mates\.stmcufinder\plugins\mcufinder
2024-11-26 14:36:38,154 [WARN] DbFile:41 - Overriding database path with different value: C:\Users\mates\.stmcufinder\plugins\mcufinder/ => C:\Users\mates\.stmcufinder\plugins\mcufinder
2024-11-26 14:36:38,154 [INFO] CrossReferenceDbSqlite:203 - Set database path to: C:\Users\mates\.stmcufinder\plugins\mcufinder//mcu/cs/
2024-11-26 14:36:38,286 [INFO] MainPanel:268 - HeapMemory: 268435456
2024-11-26 14:36:38,462 [INFO] DbMcusXml:78 - Set database path to: C:\ST\STM32CubeIDE_1.16.1\STM32CubeIDE\plugins\com.st.stm32cube.common.mx_6.12.1.202409122256\\db\/mcu/
2024-11-26 14:36:38,462 [INFO] ApiDb:274 - Set plugin database path to: C:\ST\STM32CubeIDE_1.16.1\STM32CubeIDE\plugins\com.st.stm32cube.common.mx_6.12.1.202409122256\\db\/plugins/boardmanager/
2024-11-26 14:36:38,462 [INFO] ApiDb:261 - Set plugin images path to: C:\ST\STM32CubeIDE_1.16.1\STM32CubeIDE\plugins\com.st.stm32cube.common.mx_6.12.1.202409122256\\db\/plugins/mcufinder/images/
2024-11-26 14:36:38,464 [WARN] DbFile:41 - Overriding database path with different value: C:\Users\mates\.stmcufinder\plugins\mcufinder/ => C:\Users\mates\.stmcufinder\plugins\mcufinder
2024-11-26 14:36:38,464 [INFO] ApiDb:250 - Set database path to: C:\Users\mates\.stmcufinder\plugins\mcufinder//mcu/
2024-11-26 14:36:38,464 [WARN] DbFile:41 - Overriding database path with different value: C:\Users\mates\.stmcufinder\plugins\mcufinder/ => C:\Users\mates\.stmcufinder\plugins\mcufinder
2024-11-26 14:36:38,464 [INFO] DbMcusAds:125 - Set database path to: C:\Users\mates\.stmcufinder\plugins\mcufinder//mcu/
2024-11-26 14:36:38,464 [WARN] DbFile:41 - Overriding database path with different value: C:\Users\mates\.stmcufinder\plugins\mcufinder/ => C:\Users\mates\.stmcufinder\plugins\mcufinder
2024-11-26 14:36:38,464 [WARN] DbFile:41 - Overriding database path with different value: C:\Users\mates\.stmcufinder\plugins\mcufinder/ => C:\Users\mates\.stmcufinder\plugins\mcufinder
2024-11-26 14:36:38,465 [INFO] CrossReferenceDbSqlite:203 - Set database path to: C:\Users\mates\.stmcufinder\plugins\mcufinder//mcu/cs/
2024-11-26 14:36:38,503 [INFO] ApplicationProperties:184 - Using Application install path: C:\ST\STM32CubeIDE_1.16.1\STM32CubeIDE\plugins\com.st.stm32cube.common.mx_6.12.1.202409122256
2024-11-26 14:36:38,507 [INFO] PluginManage:196 - Search for loadable plugins [exclusion list=, ]
2024-11-26 14:36:38,509 [INFO] PluginManage:310 - Check plugin analytics
2024-11-26 14:36:38,872 [INFO] AnalyticsPlugin:253 - Accepted Software Licenses: 
2024-11-26 14:36:38,872 [INFO] AnalyticsPlugin:255 - Accepted CMSIS Pack Licenses: 
2024-11-26 14:36:38,873 [INFO] AnalyticsPlugin:257 - Accepted Firmware Licenses: FW.L4.1.18.0
2024-11-26 14:36:38,877 [INFO] PluginManage:359 - Loaded plugin analytics (category:tool,tabindex:-1)
2024-11-26 14:36:38,881 [INFO] PluginManage:310 - Check plugin cadmodel
2024-11-26 14:36:38,891 [INFO] CADModel:105 - Init CAD model plugin
2024-11-26 14:36:38,891 [INFO] PluginManage:359 - Loaded plugin cadmodel (category:power,tabindex:5)
2024-11-26 14:36:38,892 [INFO] PluginManage:310 - Check plugin clock
2024-11-26 14:36:38,907 [INFO] PluginManage:359 - Loaded plugin clock (category:base,tabindex:2)
2024-11-26 14:36:38,907 [INFO] PluginManage:310 - Check plugin ddr
2024-11-26 14:36:38,910 [INFO] PluginManage:359 - Loaded plugin ddr (category:tool,tabindex:6)
2024-11-26 14:36:38,911 [INFO] PluginManage:310 - Check plugin filemanager
2024-11-26 14:36:39,143 [INFO] PluginManage:359 - Loaded plugin filemanager (category:base,tabindex:10)
2024-11-26 14:36:39,143 [INFO] PluginManage:310 - Check plugin ipmanager
2024-11-26 14:36:39,157 [INFO] PluginManage:359 - Loaded plugin ipmanager (category:base,tabindex:5)
2024-11-26 14:36:39,157 [INFO] PluginManage:310 - Check plugin lpbam
2024-11-26 14:36:39,171 [INFO] PluginManage:359 - Loaded plugin lpbam (category:base,tabindex:0)
2024-11-26 14:36:39,171 [INFO] PluginManage:310 - Check plugin memorymap
2024-11-26 14:36:39,192 [INFO] PluginManage:359 - Loaded plugin memorymap (category:base,tabindex:4)
2024-11-26 14:36:39,192 [INFO] PluginManage:310 - Check plugin pinoutandconfiguration
2024-11-26 14:36:39,206 [INFO] PluginManage:359 - Loaded plugin pinoutandconfiguration (category:base,tabindex:1)
2024-11-26 14:36:39,206 [INFO] PluginManage:310 - Check plugin pinoutconfig
2024-11-26 14:36:39,392 [WARN] SupportedApi:132 - Cannot load RTOS API schema: s4s-elt-must-match.1: The content of 'definitions' must match (annotation?, (simpleType | complexType)?, (unique | key | keyref)*)). A problem was found starting at: attribute.
2024-11-26 14:36:39,647 [INFO] PluginManage:359 - Loaded plugin pinoutconfig (category:base,tabindex:0)
2024-11-26 14:36:39,648 [INFO] PluginManage:310 - Check plugin power
2024-11-26 14:36:39,665 [INFO] PluginManage:359 - Loaded plugin power (category:power,tabindex:4)
2024-11-26 14:36:39,666 [INFO] PluginManage:310 - Check plugin projectmanager
2024-11-26 14:36:39,696 [INFO] PluginManage:359 - Loaded plugin projectmanager (category:projectmanager,tabindex:4)
2024-11-26 14:36:39,696 [INFO] PluginManage:310 - Check plugin rif
2024-11-26 14:36:39,706 [INFO] PluginManage:359 - Loaded plugin rif (category:base,tabindex:3)
2024-11-26 14:36:39,706 [INFO] PluginManage:310 - Check plugin thirdparty
2024-11-26 14:36:39,912 [INFO] PluginManage:359 - Loaded plugin thirdparty (category:base,tabindex:-1)
2024-11-26 14:36:39,912 [INFO] PluginManage:310 - Check plugin tools
2024-11-26 14:36:39,912 [WARN] IntegrityCheckThread:84 - waiting for thirdparty lock release [integrity check]
2024-11-26 14:36:39,913 [INFO] IntegrityCheckThread:86 - entering critical section [integrity check]
2024-11-26 14:36:39,913 [INFO] ThirdPartyUpdaterWithRetryManager:70 - Updater plugin not ready yet. [1/15]
2024-11-26 14:36:39,917 [INFO] PluginManage:359 - Loaded plugin tools (category:base,tabindex:7)
2024-11-26 14:36:39,917 [INFO] PluginManage:310 - Check plugin tutovideos
2024-11-26 14:36:40,173 [INFO] PluginManage:359 - Loaded plugin tutovideos (category:base,tabindex:-1)
2024-11-26 14:36:40,173 [INFO] PluginManage:310 - Check plugin updater
2024-11-26 14:36:40,201 [INFO] PluginManage:359 - Loaded plugin updater (category:base,tabindex:12)
2024-11-26 14:36:40,202 [INFO] PluginManage:310 - Check plugin userauth
2024-11-26 14:36:40,210 [INFO] UserAuth:113 - Init User Auth plugin
2024-11-26 14:36:40,210 [INFO] PluginManage:359 - Loaded plugin userauth (category:base,tabindex:14)
2024-11-26 14:36:40,211 [INFO] PluginManage:283 - PluginManage : Loaded plugins [18]
2024-11-26 14:36:40,551 [INFO] PinOutPanel:1561 - setPackage(No Configuration,No Configuration)
2024-11-26 14:36:40,694 [INFO] CADModel:165 - CPN selected for project level
2024-11-26 14:36:40,694 [INFO] CADModel:114 - Register for checkConnection events
2024-11-26 14:36:40,719 [INFO] IPUIPlugin:80 - create IPUIPlugin
2024-11-26 14:36:40,720 [INFO] PluginManager:220 - loadIPPluginJar : add adc
2024-11-26 14:36:40,724 [INFO] IPUIPlugin:80 - create IPUIPlugin
2024-11-26 14:36:40,725 [INFO] PluginManager:220 - loadIPPluginJar : add aes
2024-11-26 14:36:40,729 [INFO] IPUIPlugin:80 - create IPUIPlugin
2024-11-26 14:36:40,729 [INFO] PluginManager:220 - loadIPPluginJar : add can
2024-11-26 14:36:40,732 [INFO] IPUIPlugin:80 - create IPUIPlugin
2024-11-26 14:36:40,732 [INFO] PluginManager:220 - loadIPPluginJar : add comp
2024-11-26 14:36:40,735 [INFO] IPUIPlugin:80 - create IPUIPlugin
2024-11-26 14:36:40,735 [INFO] PluginManager:220 - loadIPPluginJar : add cryp
2024-11-26 14:36:40,738 [INFO] IPUIPlugin:80 - create IPUIPlugin
2024-11-26 14:36:40,738 [INFO] PluginManager:220 - loadIPPluginJar : add ddr_ctrl_phy
2024-11-26 14:36:40,742 [INFO] IPUIPlugin:80 - create IPUIPlugin
2024-11-26 14:36:40,742 [INFO] PluginManager:220 - loadIPPluginJar : add dfsdm
2024-11-26 14:36:40,750 [INFO] IPUIPlugin:80 - create IPUIPlugin
2024-11-26 14:36:40,751 [INFO] PluginManager:220 - loadIPPluginJar : add dma
2024-11-26 14:36:40,755 [INFO] IPUIPlugin:80 - create IPUIPlugin
2024-11-26 14:36:40,755 [INFO] PluginManager:220 - loadIPPluginJar : add dma3
2024-11-26 14:36:40,759 [INFO] IPUIPlugin:80 - create IPUIPlugin
2024-11-26 14:36:40,759 [INFO] PluginManager:220 - loadIPPluginJar : add extmemmanager
2024-11-26 14:36:40,761 [INFO] IPUIPlugin:80 - create IPUIPlugin
2024-11-26 14:36:40,761 [INFO] PluginManager:220 - loadIPPluginJar : add fatfs
2024-11-26 14:36:40,767 [INFO] IPUIPlugin:80 - create IPUIPlugin
2024-11-26 14:36:40,767 [INFO] PluginManager:220 - loadIPPluginJar : add fmc
2024-11-26 14:36:40,779 [INFO] IPUIPlugin:80 - create IPUIPlugin
2024-11-26 14:36:40,779 [INFO] PluginManager:220 - loadIPPluginJar : add freertos
2024-11-26 14:36:40,781 [INFO] IPUIPlugin:80 - create IPUIPlugin
2024-11-26 14:36:40,782 [INFO] PluginManager:220 - loadIPPluginJar : add genericplugin
2024-11-26 14:36:40,785 [INFO] IPUIPlugin:80 - create IPUIPlugin
2024-11-26 14:36:40,785 [INFO] PluginManager:220 - loadIPPluginJar : add gfxmmu
2024-11-26 14:36:40,792 [INFO] IPUIPlugin:80 - create IPUIPlugin
2024-11-26 14:36:40,792 [INFO] PluginManager:220 - loadIPPluginJar : add gic
2024-11-26 14:36:40,800 [INFO] IPUIPlugin:80 - create IPUIPlugin
2024-11-26 14:36:40,800 [INFO] PluginManager:220 - loadIPPluginJar : add gpio
2024-11-26 14:36:40,805 [INFO] IPUIPlugin:80 - create IPUIPlugin
2024-11-26 14:36:40,806 [INFO] PluginManager:220 - loadIPPluginJar : add gtzc
2024-11-26 14:36:40,810 [INFO] IPUIPlugin:80 - create IPUIPlugin
2024-11-26 14:36:40,810 [INFO] PluginManager:220 - loadIPPluginJar : add hash
2024-11-26 14:36:40,815 [INFO] IPUIPlugin:80 - create IPUIPlugin
2024-11-26 14:36:40,815 [INFO] PluginManager:220 - loadIPPluginJar : add i2c
2024-11-26 14:36:40,819 [INFO] IPUIPlugin:80 - create IPUIPlugin
2024-11-26 14:36:40,819 [INFO] PluginManager:220 - loadIPPluginJar : add i2s
2024-11-26 14:36:40,825 [INFO] IPUIPlugin:80 - create IPUIPlugin
2024-11-26 14:36:40,826 [INFO] PluginManager:220 - loadIPPluginJar : add i3c
2024-11-26 14:36:40,830 [INFO] IPUIPlugin:80 - create IPUIPlugin
2024-11-26 14:36:40,831 [INFO] PluginManager:220 - loadIPPluginJar : add ipddr
2024-11-26 14:36:40,840 [INFO] IPUIPlugin:80 - create IPUIPlugin
2024-11-26 14:36:40,841 [INFO] PluginManager:220 - loadIPPluginJar : add linkedlist
2024-11-26 14:36:40,845 [INFO] IPUIPlugin:80 - create IPUIPlugin
2024-11-26 14:36:40,846 [INFO] PluginManager:220 - loadIPPluginJar : add lorawan
2024-11-26 14:36:40,848 [INFO] IPUIPlugin:80 - create IPUIPlugin
2024-11-26 14:36:40,848 [INFO] PluginManager:220 - loadIPPluginJar : add ltdc
2024-11-26 14:36:40,857 [INFO] IPUIPlugin:80 - create IPUIPlugin
2024-11-26 14:36:40,858 [INFO] PluginManager:220 - loadIPPluginJar : add mdma
2024-11-26 14:36:40,862 [INFO] IPUIPlugin:80 - create IPUIPlugin
2024-11-26 14:36:40,863 [INFO] PluginManager:220 - loadIPPluginJar : add nvic
2024-11-26 14:36:40,866 [INFO] IPUIPlugin:80 - create IPUIPlugin
2024-11-26 14:36:40,866 [INFO] PluginManager:220 - loadIPPluginJar : add opamp
2024-11-26 14:36:40,870 [INFO] IPUIPlugin:80 - create IPUIPlugin
2024-11-26 14:36:40,871 [INFO] PluginManager:220 - loadIPPluginJar : add openamp
2024-11-26 14:36:40,876 [INFO] IPUIPlugin:80 - create IPUIPlugin
2024-11-26 14:36:40,877 [INFO] PluginManager:220 - loadIPPluginJar : add pdm2pcm
2024-11-26 14:36:40,886 [INFO] IPUIPlugin:80 - create IPUIPlugin
2024-11-26 14:36:40,890 [INFO] PluginManager:220 - loadIPPluginJar : add plateformsettings
2024-11-26 14:36:40,893 [INFO] IPUIPlugin:80 - create IPUIPlugin
2024-11-26 14:36:40,893 [INFO] PluginManager:220 - loadIPPluginJar : add quadspi
2024-11-26 14:36:40,896 [INFO] IPUIPlugin:80 - create IPUIPlugin
2024-11-26 14:36:40,897 [INFO] PluginManager:220 - loadIPPluginJar : add radio
2024-11-26 14:36:40,901 [INFO] IPUIPlugin:80 - create IPUIPlugin
2024-11-26 14:36:40,901 [INFO] PluginManager:220 - loadIPPluginJar : add resmgrutility
2024-11-26 14:36:40,905 [INFO] IPUIPlugin:80 - create IPUIPlugin
2024-11-26 14:36:40,905 [INFO] PluginManager:220 - loadIPPluginJar : add sai
2024-11-26 14:36:40,909 [INFO] IPUIPlugin:80 - create IPUIPlugin
2024-11-26 14:36:40,910 [INFO] PluginManager:220 - loadIPPluginJar : add spi
2024-11-26 14:36:40,918 [INFO] IPUIPlugin:80 - create IPUIPlugin
2024-11-26 14:36:40,918 [INFO] PluginManager:220 - loadIPPluginJar : add stm32_wpan
2024-11-26 14:36:40,921 [INFO] IPUIPlugin:80 - create IPUIPlugin
2024-11-26 14:36:40,921 [INFO] PluginManager:220 - loadIPPluginJar : add tim
2024-11-26 14:36:40,926 [INFO] IPUIPlugin:80 - create IPUIPlugin
2024-11-26 14:36:40,927 [INFO] PluginManager:220 - loadIPPluginJar : add touchsensing
2024-11-26 14:36:40,930 [INFO] IPUIPlugin:80 - create IPUIPlugin
2024-11-26 14:36:40,930 [INFO] PluginManager:220 - loadIPPluginJar : add tracer_emb
2024-11-26 14:36:40,933 [INFO] IPUIPlugin:80 - create IPUIPlugin
2024-11-26 14:36:40,933 [INFO] PluginManager:220 - loadIPPluginJar : add ts
2024-11-26 14:36:40,937 [INFO] IPUIPlugin:80 - create IPUIPlugin
2024-11-26 14:36:40,937 [INFO] PluginManager:220 - loadIPPluginJar : add tsc
2024-11-26 14:36:40,940 [INFO] IPUIPlugin:80 - create IPUIPlugin
2024-11-26 14:36:40,941 [INFO] PluginManager:220 - loadIPPluginJar : add ucpd
2024-11-26 14:36:40,945 [INFO] IPUIPlugin:80 - create IPUIPlugin
2024-11-26 14:36:40,945 [INFO] PluginManager:220 - loadIPPluginJar : add usart
2024-11-26 14:36:40,949 [INFO] IPUIPlugin:80 - create IPUIPlugin
2024-11-26 14:36:40,949 [INFO] PluginManager:220 - loadIPPluginJar : add usbx
2024-11-26 14:36:41,148 [INFO] CADModel:165 - CPN selected for project level
2024-11-26 14:36:41,148 [INFO] CADModel:114 - Register for checkConnection events
2024-11-26 14:36:41,148 [FATAL] Updater:334 - Updater called before beeing initialized
2024-11-26 14:36:41,150 [ERROR] CADModel:125 - Updater not yet initialized, retry later 
2024-11-26 14:36:41,457 [INFO] CADModel:165 - CPN selected for project level
2024-11-26 14:36:41,457 [INFO] CADModel:114 - Register for checkConnection events
2024-11-26 14:36:41,458 [FATAL] Updater:334 - Updater called before beeing initialized
2024-11-26 14:36:41,458 [ERROR] CADModel:125 - Updater not yet initialized, retry later 
2024-11-26 14:36:41,464 [FATAL] Updater:334 - Updater called before beeing initialized
2024-11-26 14:36:41,712 [FATAL] Updater:334 - Updater called before beeing initialized
2024-11-26 14:36:41,721 [INFO] DbMcusAds:53 - JSON generation date=Fri Sep 20 15:04:38 CEST 2024 (1726837478367)
2024-11-26 14:36:41,721 [FATAL] Updater:334 - Updater called before beeing initialized
2024-11-26 14:36:41,794 [WARN] DetailPanel:346 - Failed to get advertising image, set to default
2024-11-26 14:36:41,979 [FATAL] Updater:334 - Updater called before beeing initialized
2024-11-26 14:36:41,983 [FATAL] Updater:334 - Updater called before beeing initialized
2024-11-26 14:36:41,983 [FATAL] Updater:334 - Updater called before beeing initialized
2024-11-26 14:36:41,984 [WARN] DetailPanel:346 - Failed to get advertising image, set to default
2024-11-26 14:36:41,986 [FATAL] Updater:334 - Updater called before beeing initialized
2024-11-26 14:36:42,086 [ERROR] Updater:1164 - MainUpdater not yet initialized. External WinMGr cannot be set.
2024-11-26 14:36:42,092 [INFO] Updater:1100 - Updater Version found : 6.12.1
2024-11-26 14:36:42,124 [INFO] ApplicationProperties:184 - Using Application install path: C:\ST\STM32CubeIDE_1.16.1\STM32CubeIDE\plugins\com.st.stm32cube.common.mx_6.12.1.202409122256
2024-11-26 14:36:42,915 [INFO] ThirdPartyUpdaterWithRetryManager:70 - Updater plugin not ready yet. [2/15]
2024-11-26 14:36:43,718 [ERROR] LogOutputStream:75 - [STDERR_REDIRECT] Nov 26, 2024 2:36:43 PM java.util.prefs.WindowsPreferences <init>
2024-11-26 14:36:43,723 [ERROR] LogOutputStream:75 - [STDERR_REDIRECT] WARNING: Could not open/create prefs root node Software\JavaSoft\Prefs at root 0xffffffff80000002. Windows RegCreateKeyEx(...) returned error code 5.
2024-11-26 14:36:43,723 [ERROR] LogOutputStream:75 - [STDERR_REDIRECT] 
2024-11-26 14:36:44,172 [INFO] MainUpdater:2873 - connection check result : 10
2024-11-26 14:36:44,173 [INFO] MainUpdater:290 - Updater Check For Update Now.
2024-11-26 14:36:44,174 [INFO] MicroXplorer:498 - Change Database Version : DB.6.0.121
2024-11-26 14:36:44,185 [INFO] McuFinderGlobals:63 - Set McuFinder mode to 2 (CubeIDE integrated)
2024-11-26 14:36:44,189 [INFO] UserAuth:417 - Internet connection configuration mode: 1
2024-11-26 14:36:44,219 [INFO] JxBrowserEngine:152 - Initiate JxBrowser Engine with user profile folder
2024-11-26 14:36:44,562 [INFO] CheckServerUpdateThread:120 - End of CheckServer Thread
2024-11-26 14:36:45,559 [INFO] WebApp:167 - Instantiating new browser for Auth
2024-11-26 14:36:46,437 [WARN] PackLoader:240 - Cannot read IP mode file for STMicroelectronics.FP-SNS-MOTENVWB1.1.4.0
2024-11-26 14:36:46,456 [WARN] PackLoader:240 - Cannot read IP mode file for STMicroelectronics.FP-ATR-ASTRA1.2.0.1
2024-11-26 14:36:46,473 [WARN] PackLoader:240 - Cannot read IP mode file for STMicroelectronics.X-CUBE-SMBUS.2.1.0
2024-11-26 14:36:46,497 [WARN] PackLoader:240 - Cannot read IP mode file for STMicroelectronics.X-CUBE-WB05N.1.1.0
2024-11-26 14:36:46,579 [WARN] PackLoader:240 - Cannot read IP mode file for STMicroelectronics.X-CUBE-AZRTOS-F7.1.1.0
2024-11-26 14:36:46,836 [WARN] PackLoader:240 - Cannot read IP mode file for STMicroelectronics.X-CUBE-MEMS1.11.0.0
2024-11-26 14:36:47,346 [WARN] PackLoader:240 - Cannot read IP mode file for STMicroelectronics.FP-SNS-FLIGHT1.5.0.2
2024-11-26 14:36:47,376 [INFO] WebApp:448 - Apply proxy settings
2024-11-26 14:36:47,378 [INFO] WebApp:533 - Chromium requires no authentication
2024-11-26 14:36:47,390 [WARN] PackLoader:240 - Cannot read IP mode file for STMicroelectronics.X-CUBE-DISPLAY.3.0.0
2024-11-26 14:36:47,399 [INFO] WebApp:476 - Direct internet connection detected
2024-11-26 14:36:47,411 [WARN] PackLoader:240 - Cannot read IP mode file for STMicroelectronics.X-CUBE-BLE1.7.0.0
2024-11-26 14:36:47,431 [WARN] PackLoader:240 - Cannot read IP mode file for STMicroelectronics.X-CUBE-NFC10.1.0.0
2024-11-26 14:36:47,447 [WARN] PackLoader:240 - Cannot read IP mode file for emotas.I-CUBE-CANOPEN.1.3.0
2024-11-26 14:36:47,476 [WARN] PackLoader:240 - Cannot read IP mode file for STMicroelectronics.X-CUBE-BLEMGR.3.1.0
2024-11-26 14:36:47,484 [INFO] WebApp:869 - Register for checkConnection events
2024-11-26 14:36:47,484 [INFO] WebApp:448 - Apply proxy settings
2024-11-26 14:36:47,485 [INFO] WebApp:533 - Chromium requires no authentication
2024-11-26 14:36:47,485 [INFO] WebApp:476 - Direct internet connection detected
2024-11-26 14:36:47,492 [WARN] PackLoader:240 - Cannot read IP mode file for STMicroelectronics.FP-SNS-SMARTAG2.1.2.0
2024-11-26 14:36:47,511 [INFO] LogOutputStream:77 - [STDOUT_REDIRECT] 1 : Invalid condition id : UX_CORESTACK_Condition cause : null
2024-11-26 14:36:47,512 [INFO] LogOutputStream:77 - [STDOUT_REDIRECT] 1 : Invalid condition id : UX_CORESTACK_Condition cause : null
2024-11-26 14:36:47,516 [INFO] LogOutputStream:77 - [STDOUT_REDIRECT] 1 : Invalid condition id : UX_CORESTACK_Condition cause : null
2024-11-26 14:36:47,519 [INFO] LogOutputStream:77 - [STDOUT_REDIRECT] 1 : Invalid condition id : UX_CORESTACK_Condition cause : null
2024-11-26 14:36:47,523 [INFO] LogOutputStream:77 - [STDOUT_REDIRECT] 1 : Invalid condition id : UX_CORESTACK_Condition cause : null
2024-11-26 14:36:47,530 [WARN] PackLoader:240 - Cannot read IP mode file for STMicroelectronics.X-CUBE-AZRTOS-WL.2.0.0
2024-11-26 14:36:47,543 [WARN] PackLoader:240 - Cannot read IP mode file for STMicroelectronics.FP-SNS-MOTENV1.5.0.0
2024-11-26 14:36:47,557 [WARN] PackLoader:240 - Cannot read IP mode file for wolfSSL.I-CUBE-wolfMQTT.1.19.0
2024-11-26 14:36:47,626 [WARN] PackLoader:240 - Cannot read IP mode file for WES.I-CUBE-Cesium.1.3.0
2024-11-26 14:36:47,637 [WARN] PackLoader:240 - Cannot read IP mode file for STMicroelectronics.X-CUBE-BLE2.3.3.0
2024-11-26 14:36:47,651 [WARN] PackLoader:240 - Cannot read IP mode file for STMicroelectronics.X-CUBE-NFC9.1.0.0
2024-11-26 14:36:47,665 [WARN] PackLoader:240 - Cannot read IP mode file for STMicroelectronics.X-CUBE-TCPP.4.1.0
2024-11-26 14:36:47,698 [WARN] PackLoader:240 - Cannot read IP mode file for STMicroelectronics.X-CUBE-AZRTOS-G0.1.1.0
2024-11-26 14:36:47,716 [WARN] PackLoader:240 - Cannot read IP mode file for STMicroelectronics.X-CUBE-SAFEA1.1.2.2
2024-11-26 14:36:47,727 [WARN] PackLoader:240 - Cannot read IP mode file for STMicroelectronics.X-CUBE-NFC4.3.0.0
2024-11-26 14:36:47,747 [WARN] PackLoader:240 - Cannot read IP mode file for EmbeddedOffice.I-CUBE-FS-RTOS.1.0.1
2024-11-26 14:36:47,748 [ERROR] ConditionMgr:805 - Attr not supported : Dmpu
2024-11-26 14:36:47,748 [ERROR] ConditionMgr:805 - Attr not supported : Dmpu
2024-11-26 14:36:47,748 [ERROR] ConditionMgr:805 - Attr not supported : Dmpu
2024-11-26 14:36:47,748 [ERROR] ConditionMgr:805 - Attr not supported : Dmpu
2024-11-26 14:36:47,749 [ERROR] ConditionMgr:805 - Attr not supported : Dmpu
2024-11-26 14:36:47,749 [ERROR] ConditionMgr:805 - Attr not supported : Dmpu
2024-11-26 14:36:47,749 [ERROR] ConditionMgr:805 - Attr not supported : Dmpu
2024-11-26 14:36:47,749 [ERROR] ConditionMgr:805 - Attr not supported : Dmpu
2024-11-26 14:36:47,749 [ERROR] ConditionMgr:805 - Attr not supported : Dmpu
2024-11-26 14:36:47,749 [ERROR] ConditionMgr:805 - Attr not supported : Dmpu
2024-11-26 14:36:47,750 [ERROR] ConditionMgr:805 - Attr not supported : Dmpu
2024-11-26 14:36:47,750 [ERROR] ConditionMgr:805 - Attr not supported : Dmpu
2024-11-26 14:36:47,750 [ERROR] ConditionMgr:805 - Attr not supported : Dmpu
2024-11-26 14:36:47,750 [ERROR] ConditionMgr:805 - Attr not supported : Dmpu
2024-11-26 14:36:47,750 [ERROR] ConditionMgr:805 - Attr not supported : Dmpu
2024-11-26 14:36:47,750 [ERROR] ConditionMgr:805 - Attr not supported : Dmpu
2024-11-26 14:36:47,750 [ERROR] ConditionMgr:805 - Attr not supported : Dmpu
2024-11-26 14:36:47,750 [ERROR] ConditionMgr:805 - Attr not supported : Dmpu
2024-11-26 14:36:47,751 [ERROR] ConditionMgr:805 - Attr not supported : Dmpu
2024-11-26 14:36:47,751 [ERROR] ConditionMgr:805 - Attr not supported : Dmpu
2024-11-26 14:36:47,751 [ERROR] ConditionMgr:805 - Attr not supported : Dmpu
2024-11-26 14:36:47,751 [ERROR] ConditionMgr:805 - Attr not supported : Dmpu
2024-11-26 14:36:47,751 [ERROR] ConditionMgr:805 - Attr not supported : Dmpu
2024-11-26 14:36:47,751 [ERROR] ConditionMgr:805 - Attr not supported : Dmpu
2024-11-26 14:36:47,752 [ERROR] ConditionMgr:805 - Attr not supported : Dmpu
2024-11-26 14:36:47,752 [ERROR] ConditionMgr:805 - Attr not supported : Dmpu
2024-11-26 14:36:47,752 [ERROR] ConditionMgr:805 - Attr not supported : Dmpu
2024-11-26 14:36:47,752 [ERROR] ConditionMgr:805 - Attr not supported : Dmpu
2024-11-26 14:36:47,752 [ERROR] ConditionMgr:805 - Attr not supported : Dmpu
2024-11-26 14:36:47,752 [ERROR] ConditionMgr:805 - Attr not supported : Dmpu
2024-11-26 14:36:47,752 [ERROR] ConditionMgr:805 - Attr not supported : Dmpu
2024-11-26 14:36:47,753 [ERROR] ConditionMgr:805 - Attr not supported : Dmpu
2024-11-26 14:36:47,753 [ERROR] ConditionMgr:805 - Attr not supported : Dmpu
2024-11-26 14:36:47,753 [ERROR] ConditionMgr:805 - Attr not supported : Dmpu
2024-11-26 14:36:47,753 [ERROR] ConditionMgr:805 - Attr not supported : Dmpu
2024-11-26 14:36:47,753 [ERROR] ConditionMgr:805 - Attr not supported : Dmpu
2024-11-26 14:36:47,753 [ERROR] ConditionMgr:805 - Attr not supported : Dmpu
2024-11-26 14:36:47,753 [ERROR] ConditionMgr:805 - Attr not supported : Dmpu
2024-11-26 14:36:47,753 [ERROR] ConditionMgr:805 - Attr not supported : Dmpu
2024-11-26 14:36:47,755 [ERROR] ConditionMgr:805 - Attr not supported : Dmpu
2024-11-26 14:36:47,755 [ERROR] ConditionMgr:805 - Attr not supported : Dmpu
2024-11-26 14:36:47,755 [ERROR] ConditionMgr:805 - Attr not supported : Dmpu
2024-11-26 14:36:47,755 [ERROR] ConditionMgr:805 - Attr not supported : Dmpu
2024-11-26 14:36:47,755 [ERROR] ConditionMgr:805 - Attr not supported : Dmpu
2024-11-26 14:36:47,755 [ERROR] ConditionMgr:805 - Attr not supported : Dmpu
2024-11-26 14:36:47,756 [ERROR] ConditionMgr:805 - Attr not supported : Dmpu
2024-11-26 14:36:47,756 [ERROR] ConditionMgr:805 - Attr not supported : Dmpu
2024-11-26 14:36:47,756 [ERROR] ConditionMgr:805 - Attr not supported : Dmpu
2024-11-26 14:36:47,756 [ERROR] ConditionMgr:805 - Attr not supported : Dmpu
2024-11-26 14:36:47,756 [ERROR] ConditionMgr:805 - Attr not supported : Dmpu
2024-11-26 14:36:47,757 [ERROR] ConditionMgr:805 - Attr not supported : Dmpu
2024-11-26 14:36:47,757 [ERROR] ConditionMgr:805 - Attr not supported : Dmpu
2024-11-26 14:36:47,757 [ERROR] ConditionMgr:805 - Attr not supported : Dmpu
2024-11-26 14:36:47,757 [ERROR] ConditionMgr:805 - Attr not supported : Dmpu
2024-11-26 14:36:47,757 [ERROR] ConditionMgr:805 - Attr not supported : Dmpu
2024-11-26 14:36:47,758 [ERROR] ConditionMgr:805 - Attr not supported : Dmpu
2024-11-26 14:36:47,758 [ERROR] ConditionMgr:805 - Attr not supported : Dmpu
2024-11-26 14:36:47,758 [ERROR] ConditionMgr:805 - Attr not supported : Dmpu
2024-11-26 14:36:47,758 [ERROR] ConditionMgr:805 - Attr not supported : Dmpu
2024-11-26 14:36:47,758 [ERROR] ConditionMgr:805 - Attr not supported : Dmpu
2024-11-26 14:36:47,758 [ERROR] ConditionMgr:805 - Attr not supported : Dmpu
2024-11-26 14:36:47,759 [ERROR] ConditionMgr:805 - Attr not supported : Dmpu
2024-11-26 14:36:47,759 [ERROR] ConditionMgr:805 - Attr not supported : Dmpu
2024-11-26 14:36:47,759 [ERROR] ConditionMgr:805 - Attr not supported : Dmpu
2024-11-26 14:36:47,769 [WARN] PackLoader:240 - Cannot read IP mode file for RealThread.X-CUBE-RT-Thread_Nano.4.1.1
2024-11-26 14:36:47,778 [WARN] PackLoader:240 - Cannot read IP mode file for STMicroelectronics.FP-ATR-SIGFOX1.3.2.0
2024-11-26 14:36:47,786 [WARN] PackLoader:240 - Cannot read IP mode file for wolfSSL.I-CUBE-wolfSSL.5.7.2
2024-11-26 14:36:47,796 [WARN] ConditionMgr:438 - getConditionDescription Invalid condition id : Cortex-A Device cause : null
2024-11-26 14:36:47,830 [INFO] WebApp:186 - Connection restablished
2024-11-26 14:36:47,855 [WARN] ConditionMgr:1039 - genDependencies : Invalid condition id : Cortex-A Device cause : null
2024-11-26 14:36:47,855 [WARN] ConditionMgr:1039 - genDependencies : Invalid condition id : Cortex-A Device cause : null
2024-11-26 14:36:47,856 [WARN] ConditionMgr:1039 - genDependencies : Invalid condition id : Cortex-A Device cause : null
2024-11-26 14:36:47,875 [WARN] PackLoader:240 - Cannot read IP mode file for STMicroelectronics.X-CUBE-EEPRMA1.5.1.0
2024-11-26 14:36:47,889 [WARN] PackLoader:240 - Cannot read IP mode file for ITTIA_DB.I-CUBE-ITTIADB.8.9.0
2024-11-26 14:36:47,953 [WARN] PackLoader:240 - Cannot read IP mode file for SEGGER.I-CUBE-embOS.1.3.1
2024-11-26 14:36:48,073 [WARN] PackLoader:240 - Cannot read IP mode file for STMicroelectronics.X-CUBE-ALGOBUILD.1.4.0
2024-11-26 14:36:48,082 [WARN] PackLoader:240 - Cannot read IP mode file for STMicroelectronics.X-CUBE-AI.9.1.0
2024-11-26 14:36:48,117 [WARN] PackLoader:240 - Cannot read IP mode file for STMicroelectronics.X-CUBE-AZRTOS-F4.1.1.0
2024-11-26 14:36:48,132 [WARN] PackLoader:240 - Cannot read IP mode file for STMicroelectronics.X-CUBE-ISPU.2.1.0
2024-11-26 14:36:48,143 [WARN] PackLoader:240 - Cannot read IP mode file for STMicroelectronics.X-CUBE-FREERTOS.1.2.0
2024-11-26 14:36:48,181 [WARN] PackLoader:240 - Cannot read IP mode file for STMicroelectronics.X-CUBE-AZRTOS-L5.2.0.0
2024-11-26 14:36:48,199 [WARN] PackLoader:240 - Cannot read IP mode file for STMicroelectronics.X-CUBE-NFC6.3.1.0
2024-11-26 14:36:48,213 [WARN] PackLoader:240 - Cannot read IP mode file for STMicroelectronics.X-CUBE-DPower.1.2.0
2024-11-26 14:36:48,223 [WARN] PackLoader:240 - Cannot read IP mode file for STMicroelectronics.X-CUBE-NFC7.1.0.1
2024-11-26 14:36:48,246 [INFO] WebApp:220 - Starting web application
2024-11-26 14:36:48,246 [INFO] WebApp:578 - Web application path used C:\ST\STM32CubeIDE_1.16.1\STM32CubeIDE\plugins\com.st.stm32cube.common.mx_6.12.1.202409122256\db\plugins\mcufinder\reactClient1\index.html
2024-11-26 14:36:48,255 [WARN] ConditionMgr:438 - getConditionDescription Invalid condition id : LAN8742 Phy interface Condition cause : null
2024-11-26 14:36:48,257 [WARN] PackLoader:240 - Cannot read IP mode file for STMicroelectronics.X-CUBE-AZRTOS-L4.2.0.0
2024-11-26 14:36:48,261 [WARN] ConditionMgr:1039 - genDependencies : Invalid condition id : LAN8742 Phy interface Condition cause : null
2024-11-26 14:36:48,261 [WARN] ConditionMgr:1039 - genDependencies : Invalid condition id : LAN8742 Phy interface Condition cause : null
2024-11-26 14:36:48,263 [WARN] ConditionMgr:1039 - genDependencies : Invalid condition id : LAN8742 Phy interface Condition cause : null
2024-11-26 14:36:48,282 [WARN] PackLoader:240 - Cannot read IP mode file for STMicroelectronics.X-CUBE-SFXS2LP1.4.0.0
2024-11-26 14:36:48,322 [WARN] PackLoader:240 - Cannot read IP mode file for STMicroelectronics.X-CUBE-AZRTOS-H7.3.3.0
2024-11-26 14:36:48,366 [WARN] PackLoader:240 - Cannot read IP mode file for STMicroelectronics.X-CUBE-IPS.3.0.0
2024-11-26 14:36:48,400 [WARN] ConditionMgr:438 - getConditionDescription Invalid condition id : UX DEVICE CLASS RTOS Condition cause : null
2024-11-26 14:36:48,400 [WARN] ConditionMgr:438 - getConditionDescription Invalid condition id : UX DEVICE CLASS RTOS Condition cause : null
2024-11-26 14:36:48,410 [WARN] PackLoader:240 - Cannot read IP mode file for STMicroelectronics.X-CUBE-AZRTOS-WB.2.0.0
2024-11-26 14:36:48,411 [WARN] ConditionMgr:1039 - genDependencies : Invalid condition id : UX DEVICE CLASS RTOS Condition cause : null
2024-11-26 14:36:48,412 [WARN] ConditionMgr:1039 - genDependencies : Invalid condition id : UX DEVICE CLASS RTOS Condition cause : null
2024-11-26 14:36:48,413 [WARN] ConditionMgr:1039 - genDependencies : Invalid condition id : UX DEVICE CLASS RTOS Condition cause : null
2024-11-26 14:36:48,414 [WARN] ConditionMgr:1039 - genDependencies : Invalid condition id : UX DEVICE CLASS RTOS Condition cause : null
2024-11-26 14:36:48,414 [WARN] ConditionMgr:1039 - genDependencies : Invalid condition id : UX DEVICE CLASS RTOS Condition cause : null
2024-11-26 14:36:48,438 [WARN] PackLoader:240 - Cannot read IP mode file for STMicroelectronics.X-CUBE-GNSS1.7.0.0
2024-11-26 14:36:48,464 [WARN] PackLoader:240 - Cannot read IP mode file for STMicroelectronics.FP-SNS-STBOX1.2.0.0
2024-11-26 14:36:48,493 [WARN] PackLoader:240 - Cannot read IP mode file for STMicroelectronics.X-CUBE-SUBG2.5.0.0
2024-11-26 14:36:48,494 [INFO] UserAuth:417 - Internet connection configuration mode: 1
2024-11-26 14:36:48,518 [WARN] PackLoader:240 - Cannot read IP mode file for Cesanta.I-CUBE-Mongoose.7.13.0
2024-11-26 14:36:48,545 [WARN] PackLoader:240 - Cannot read IP mode file for STMicroelectronics.X-CUBE-AZRTOS-G4.2.0.0
2024-11-26 14:36:48,566 [WARN] PackLoader:240 - Cannot read IP mode file for STMicroelectronics.X-CUBE-ALS.1.0.2
2024-11-26 14:36:48,576 [WARN] PackLoader:240 - Cannot read IP mode file for STMicroelectronics.X-CUBE-TOUCHGFX.4.24.1
2024-11-26 14:36:48,582 [WARN] PackLoader:240 - Cannot read IP mode file for wolfSSL.I-CUBE-wolfTPM.3.4.0
2024-11-26 14:36:48,593 [WARN] PackLoader:240 - Cannot read IP mode file for portGmbH.I-Cube-SoM-uGOAL.1.1.0
2024-11-26 14:36:48,626 [WARN] PackLoader:240 - Cannot read IP mode file for STMicroelectronics.X-CUBE-AZRTOS-H7RS.1.0.0
2024-11-26 14:36:48,644 [WARN] PackLoader:240 - Cannot read IP mode file for STMicroelectronics.FP-ATR-ASTRA1.2.0.0
2024-11-26 14:36:48,668 [WARN] PackLoader:240 - Cannot read IP mode file for STMicroelectronics.X-CUBE-TOF1.3.4.2
2024-11-26 14:36:48,726 [WARN] PackLoader:240 - Cannot read IP mode file for Infineon.AIROC-Wi-Fi-Bluetooth-STM32.1.6.1
2024-11-26 14:36:48,738 [WARN] PackLoader:240 - Cannot read IP mode file for wolfSSL.I-CUBE-wolfSSH.1.4.17
2024-11-26 14:36:48,739 [INFO] ThirdParty:978 - Integrity check success = true
2024-11-26 14:36:48,739 [INFO] IntegrityCheckThread:100 - exiting critical section [integrity check]
2024-11-26 14:36:48,739 [INFO] IntegrityCheckThread:103 - End integrity checks thread
2024-11-26 14:37:22,455 [ERROR] LogOutputStream:75 - [STDERR_REDIRECT] 
